3086
8850
8415
9980
6510
1293
3045
0599
0690
9968
7584
0353
8520
1935
6672
5653
6408
4710
4271
2829
7208
1372
5147
1872
4851
1132
3169
0297
9126
7821
4305
0617
5226
4258
0116
8175
9278
1465
1760
6859
3415
1264
3881
7506
4658
6037
6317
8641
4230
7727
6879
2192
4116
9283
8384
1004
8189
4378
9403
1603
6954
6671
7834
9117
2266
4654
7901
5206
1500
0125
5536
9528
5129
7843
7990
6328
8144
6921
9185
9490
3770
7916
7513
7668
6375
6987
8430
9089
9535
9038
7351
7374
4057
8590
5134
5073
2352
5801
9484
6290
4176
6882
8260
3737
0954
3525
0485
1724
7396
2611
7931
5347
7753
6438
1848
7445
5997
0564
1960
6950
0827
2203
3771
5200
3165
1289
4179
2099
2009
7212
9674
2651
2865
1982
4972
2419
7431
0349
9289
4653
1592
5055
5368
9195
7496
2079
2917
9544
6556
9791
5946
2614
2679
2423
4672
9190
9623
8371
3940
9713
2695
7296
2694
5892
7929
1869
8542
5407
4026
7943
1586
7326
7920
1709
7583
7996
0556
1637
8053
4349
5850
4198
1286
5342
2025
5126
7162
8398
3706
0042
9278
6073
2036
8669
2492
8760
4230
4023
4862
6441
2960
2836
1916
8452
8606
0951
2675
3018
5687
4753
6677
1623
5076
3927
9208
3692
1626
4426
3069
1759
3482
1573
8195
2570
0132
1703
5947
7173
3295
2590
4855
2078
8183
0674
3610
3096
7762
8655
6929
4089
9726
6270
4148
9069
4531
1530
6730
6701
0345
7972
6364
8552
1600
0681
6808
8796
7718
1984
4130
2798
0981
0658
1244
4072
8759
6054
9512
0099
3362
1820
9288
0637
6639
9111
4598
0732
5402
5213
7035
9853
7313
5543
1942
5072
0543
0941
7963
9541
0161
9603
2269
8398
7178
2335
7512
3093
5309
5707
4323
8372
0473
3416
0714
7875
8586
4129
6514
2153
0799
4297
1026
7910
7581
2319
8045
2514
0935
8813
3625
1908
1436
0347
3397
1256
8769
6724
9214
3348
3916
1026
7903
8172
8416
1568
4710
7205
3037
6500
4188
6148
2547
5479
6398
2195
5222
9629
4978
0344
9070
2054
9274
4617
3963
6413
5467
6443
8071
1487
4092
1462
7236
6421
9170
5970
4549
5962
0471
2345
9577
1695
4313
2030
0874
2841
3592
8039
8716
1296
5926
9414
5613
1472
1130
5521
4027
6905
9735
0310
5536
9740
1595
9100
5192
0169
5908
6358
8131
1236
4234
4359
4101
5108
0618
7301
1092
5144
0120
5454
5911
1951
7969
6774
3936
2756
1741
5808
1938
9544
6590
9906
9680
2491
5806
5632
2469
2170
9324
2994
6156
2297
0971
0793
8674
3263
8712
9858
5439
8997
7973
0289
3135
9213
9728
3936
5756
1492
0514
9038
1204
1386
3243
4589
9934
2270
6245
1697
8565
2988
9958
2756
4899
6052
1459
8565
8221
1751
6784
1344
8532
1945
3218
7891
0249
5120
1785
7348
9683
4410
2914
6720
4709
3598
3487
0259
0420
0751
7464
4584
3453
9582
9577
3886
1763
0714
9106
1122
8215
8432
8645
0168
5016
3841
6332
1260
8085
0997
0792
7056
6231
9103
6206
1308
7394
5221
4165
4602
8593
6131
4028
7157
5625
8303
2549
0453
4514
8722
8263
8036
2939
3835
4660
9329
3702
6937
9023
3598
4852
7583
1825
9633
2566
1078
0897
5147
7585
4683
2772
6916
6952
2545
5156
4253
9276
4220
4438
9753
0891
3430
2164
3241
2958
9441
1369
8530
8433
8926
9280
1679
8663
5845
0178
1870
8196
9479
3770
8423
0578
0269
4793
9194
4271
6384
0364
3709
2407
0767
9240
0713
3576
3562
6791
9091
3853
4483
3061
6525
5062
9445
9781
3982
4990
7926
9476
7244
9613
3506
7472
2756
1665
6049
7108
2847
0915
5090
0906
1904
2284
6683
0049
1213
1632
5766
3673
8302
1163
2280
6030
5797
2196
6447
8453
2379
8510
9357
2858
0793
1501
9228
8828
6721
9390
6076
6583
5983
8719
6050
0308
4582
3040
6615
1381
6849
5546
4061
7159
9903
8687
7826
9814
0536
0031
4168
2085
6530
4256
2830
0439
3564
9008
4759
5635
8981
7609
2361
0556
7611
7078
7605
5489
4923
0392
7254
0721
3796
4963
8389
3609
3692
2561
7725
2779
3065
4011
3143
5146
6019
2200
4350
9687
0673
5708
6360
1769
0506
5608
7126
0794
0770
9125
6441
5967
0093
5359
7328
0443
4556
9167
6511
5074
7139
0990
8384
6847
8967
9860
5179
1590
6329
0441
5318
6287
2950
2538
1410
6042
1764
5791
0706
3413
3450
7981
1788
1912
3682
4935
5181
7523
4274
0862
7361
2167
3347
2958
3698
7524
0614
6115
7862
9310
5375
4328
9598
5858
7968
2904
5971
6453
1651
6905
6339
6897
2980
7752
2546
9562
0010
3290
2936
3886
5425
9116
1294
2083
2873
6918
3639
8528
4936
6915
0391
2670
6680
0232
5013
3121
4198
6514
1654
5881
7295
4258
8306
3243
1851
0651
0753
8640
7953
8527
1498
3952
7088
6006
8536
5779
4113
2142
3181
6803
5881
7136
3614
1534
8748
9025
5430
9148
1544
2409
1687
5412
9101
0061
2211
1723
9051
7145
8370
4214
8698
2303
9943
9410
2001
0516
2768
5400
9978
7323
2298
8532
6381
9418
4979
4113
6720
9426
2368
2870
6052
5846
5891
1431
3074
3757
8672
1959
1227
1623
2485
2361
5246
9671
2944
9307
0837
7689
9812
0271
8561
8967
1096
8164
3327
3308
6547
1763
1210
1690
0318
5882
7203
6122
2331
8023
2546
1824
0153
6301
7170
3169
5396
8998
8645
6207
4172
4627
9601
1286
2595
8419
2451
4158
6206
7479
6664
4723
3964
3740
2449
4971
6765
9302
9062
5758
3706
9665
1260
9845
2794
4807
1058
0653
4879
1703
6369
2978
4121
8725
1425
9595
6988
4091
1207
3826
8262
3804
4839
9054
9610
8094
8944
9057
4309
4273
4002
6902
0827
8608
7244
0604
6829
4409
4077
6825
8828
0624
4539
5054
4735
6980
8969
2048
0072
4097
6193
0061
0672
4534
3015
4248
9569
7625
1282
3843
0292
5203
7670
8082
5974
5773
2460
1898
9935
1370
1178
2289
9404
9645
2448
7581
6239
7952
4599
2945
2655
5019
8043
0715
0750
2166
1707
5344
5372
0505
6570
1326
5290
9578
3257
9965
9636
7281
5869
7490
1185
1682
0275
9539
9994
2719
5865
7860
6387
7753
6737
5608
9729
5918
7082
0309
2678
3002
3380
1547
3912
4793
1247
1576
9965
3047
3500
6685
4932
6379
5247
1675
0674
0278
2916
7709
1839
1123
4267
6046
2148
7017
2429
8113
6462
4969
9494
5540
2508
0505
2622
4542
5870
6209
1341
5466
8768
7402
9218
6405
9423
9464
0325
3143
1675
7032
8420
1729
1683
7669
3800
1662
2804
2643
1903
1543
7092
7972
8362
7501
6047
6423
9366
7910
4769
7148
6074
0378
5994
0814
7223
0959
3179
7628
9567
1548
3535
5480
6154
3016
6637
7011
3210
4085
2469
2498
2075
0483
3169
6167
1807
0885
0566
4429
3208
1469
9032
9281
7453
3951
6573
4085
5185
3217
8501
7643
7898
2255
0882
8923
6845
4865
6090
4456
3813
1761
5811
4682
9908
9026
9543
5321
8507
0251
4301
4023
7925
5823
5180
9970
2411
5846
4568
4229
9923
2855
6633
0662
3214
8981
2655
3102
1589
0797
1276
5011
6276
2469
4759
2349
0941
0253
8912
5747
9117
8790
7315
3302
2963
3568
8002
2396
5749
6757
3719
4331
5093
0286
0123
5275
4980
0781
2076
2136
4170
6484
6755
1878
0350
5929
7325
5319
9146
4567
4802
7272
3813
6622
6485
6891
7309
9075
9426
7601
4057
6421
8086
7154
8567
5711
9324
0414
5684
8301
8559
5473
4499
4660
7594
0712
6698
6502
8241
6988
2941
9032
7054
7219
5271
8496
4488
6477
2677
9183
1059
0865
7072
6719
8244
5225
8283
4936
7554
1172
7110
9940
8578
7493
5351
3423
4486
3104
4149
2565
8479
2158
5167
3187
6123
6780
2786
2402
8094
9551
2357
3708
8003
0504
8891
0042
4592
8376
9737
0394
6356
5464
8089
3750
6315
2501
8611
5095
9323
0367
1942
9894
4699
3051
3868
8186
7365
7078
4578
0064
7195
6833
7148
3085
8090
2123
7046
7074
4725
6005
3669
5156
6232
2570
9874
1943
1149
2645
8902
9346
8338
0239
9771
7902
2950
4609
8947
0351
4963
5286
3681
8489
7914
3489
9603
0956
8420
4045
3588
3339
9624
2948
7285
8311
7850
3566
8741
4125
9882
8380
7843
6440
7602
0994
0564
6677
1685
7511
0051
2689
8255
0091
4757
6563
8814
9260
6751
7879
3945
7869
2904
5115
7097
2162
6035
8900
9308
5982
9226
3408
6482
7065
9075
5338
7249
3122
8302
1083
4507
4780
1047
5096
8346
0893
8979
4307
4376
3579
3931
8432
4135
4007
5007
9820
2582
3012
9054
6647
0751
5024
7947
1820
0706
9385
7047
7924
4128
4834
2571
8153
0701
9612
3358
5363
4536
4480
5075
6964
6532
1240
6510
0452
8991
6555
6108
6504
1782
2632
5924
9158
1873
8169
7098
4432
0565
2534
2296
3706
2651
4357
3378
3036
8329
2985
1278
1779
7479
9230
8020
1349
8810
3782
0289
3871
9474
6817
7363
0597
3129
4571
3794
5201
3946
1447
3179
7230
1716
5509
8156
6863
1468
0351
6683
8534
6947
8836
5609
6123
2698
4193
6621
2834
7081
6439
8073
2869
2694
2530
4678
2490
7546
2919
7691
6547
6239
4801
9430
0682
8380
3879
7367
1479
6957
7962
5612
8735
2019
6124
9112
8700
4222
8025
7905
5837
4910
6913
7104
2324
5028
5748
0765
9704
6538
1934
1037
9825
5770
4089
5486
7096
7955
7144
6032
5689
4708
7041
2372
2153
4932
7472
6827
9818
6550
5076
7078
3468
7456
4202
3390
6230
9028
0347
2968
4221
6248
4378
6618
3530
7217
7147
1966
5374
0121
9625
2635
5488
2056
1074
1795
5924
3468
1388
9212
0921
6405
7803
8450
4692
4696
5218
8792
9789
8107
5934
6920
1548
4392
9600
4113
8630
1004
6937
7765
6978
2075
3579
7614
6802
0708
3362
4848
7579
7214
0751
6811
5275
1908
6508
9069
0851
0078
4736
3006
3634
7908
2794
7784
9168
5104
2368
4943
6734
4098
2450
9640
6368
4418
5704
7341
6814
1524
4163
3891
5761
5838
1129
2615
5396
2343
1412
2919
2938
3161
4161
5845
1724
4851
3544
2930
3762
0396
7005
5606
0897
3869
1833
4006
0348
3459
8506
9208
0995
3140
0974
8542
7406
1407
6485
1585
5686
7095
8009
4230
4710
8662
0943
8236
2397
6055
0342
5942
3268
7269
6598
7914
9880
8936
9060
1275
4516
8492
4225
3789
5282
1000
3425
7983
4820
1491
3705
4120
4819
3623
5825
5231
8269
4905
2797
1238
9698
1769
2335
6776
8721
7827
0390
2095
2414
5562
8920
2621
1215
9686
5577
5956
3054
9093
9753
9018
3744
0806
8226
1507
0759
5671
8491
4980
9463
8033
1764
2766
7404
9646
8849
6409
0824
7304
8179
1446
3518
4380
2406
6183
6183
4113
6748
6874
4412
4993
1295
9701
9827
8943
0663
0272
3075
0346
8188
5540
1964
6392
7024
5957
3016
8371
8630
1598
0834
1023
6631
6335
0255
3342
9887
5520
3491
7970
4120
3882
3599
6642
7870
9020
9293
0285
6081
5630
8264
3189
3457
7350
2271
8066
8156
2417
9158
2180
3127
3718
2076
5868
5258
2361
3995
9692
3980
2326
5768
8706
2394
7975
6028
3743
4036
6751
8195
2309
7480
1123
9118
5139
2346
4975
9638
4668
6926
0260
6328
5710
7356
5404
7316
0917
6302
8359
3727
4727
9970
1909
4457
7564
1557
2434
4732
4314
1448
7539
6546
4616
1755
8065
0856
0129
5711
0308
7401
9318
1462
0657
3716
8934
3290
7188
0174
6993
4385
8435
9462
4220
9025
7146
8677
8137
8990
8539
8097
0791
3960
8418
0853
9592
7049
0992
8144
0503
4180
9539
8656
4050
9300
8002
7985
1124
5643
5470
2863
5351
8615
4297
2054
8964
8074
3752
1247
4128
0935
1852
1258
6717
5310
2964
7807
1720
5170
2311
1451
3774
6607
0779
7128
2896
6873
2525
9734
3749
2641
6813
8770
5628
0862
8702
5046
1115
3083
9293
4797
4602
1848
0605
7943
5876
8058
4795
0238
5812
1869
1105
7248
7995
8905
5264
5737
7619
7933
8357
5594
4875
7019
0821
8994
2489
6590
6045
4966
7801
5862
0080
6181
8143
6999
8762
4014
0854
6791
6459
1123
1775
4932
7358
7294
8797
7014
1361
0350
4587
4156
4086
6991
5669
2919
8079
7117
9154
7851
4791
8426
1067
9842
2158
4302
0631
4726
3846
9657
3765
5866
9278
3791
9664
9565
0827
7132
2610
8793
9085
8031
2771
2709
1953
0622
3419
3986
2053
0540
8420
9908
3267
6618
9392
2754
7150
6360
9506
9302
0217
5431
7862
0776
0921
3143
5809
8017
4748
7849
0714
7349
4605
4601
3897
6391
2632
6960
4374
8019
4321
9097
3059
7715
3793
2451
9228
9420
3962
2098
3501
9641
2013
3074
8097
3835
2963
5721
5213
7897
5127
7593
5208
8073
6701
8509
0987
2179
2554
9209
6989
5480
7593
2481
7897
8691
4061
7692
2638
7331
1459
6578
4579
4720
1706
2523
5207
5621
6594
0047
8211
1924
4417
7844
5680
5974
1015
7967
7947
5208
7499
7729
8480
6175
1982
0594
5489
4169
7535
0541
8236
6192
8215
1371
3955
7873
8995
2745
3605
1436
7294
2873
8165
2293
6451
8619
2113
5932
6563
0521
5489
6981
5270
3882
7635
1239
5417
6144
9401
9285
6500
5146
3863
6483
8520
2312
2550
7396
7041
9634
8390
6816
7811
8125
4051
4312
4315
7628
1309
9571
5488
1501
8210
6971
3851
7327
5767
1589
2147
7958
7401
0117
1254
2790
8695
6515
8148
4245
5858
8459
9149
7261
2371
6293
6055
4551
3854
0709
9408
8664
4872
4220
0721
3370
7184
4186
2129
3161
2301
1951
4716
1065
0764
3565
9014
2184
2298
3980
1793
2256
6074
6097
4894
7785
4009
5340
5659
2509
2378
8533
8365
2017
1832
9893
1707
9046
8229
1715
9231
4733
1490
9897
9162
8698
7675
5891
4493
7221
0096
1096
7253
7470
1794
9703
6360
4795
8565
9547
5294
4859
4992
7428
0507
7604
4254
8146
8640
4272
1725
5437
3106
3780
0458
0658
9015
5108
9722
7835
2096
6399
5030
1456
4701
3563
4859
3607
4304
5804
4403
9630
4356
7308
7518
9417
2685
6402
4895
2848
0252
8287
1805
1199
7219
6572
8076
2941
1287
5050
0588
8810
0552
6754
3512
4350
6203
0972
1029
8380
5300
2818
9566
0735
9481
7492
7313
5031
6621
6720
5234
6632
0185
7979
7856
3671
4250
4427
1604
0150
4322
9485
8908
5238
1366
3805
1289
3274
7273
6798
3140
6175
6145
5524
5563
2720
5939
3187
2420
8971
6573
4104
0749
3794
1250
4534
8802
4234
3746
4657
4215
3179
4173
6947
7803
4529
3775
7326
4351
5470
5094
9823
4398
1078
4867
6431
0501
7410
1249
0897
3309
9824
9678
0390
7127
7256
1759
8254
7543
8100
0562
9295
8781
0808
0758
2370
6896
0342
3692
5681
2093
0931
6562
4249
0277
6359
9383
9357
8672
8813
8019
9672
8302
4369
4296
3862
5720
3797
5549
2383
7725
2108
9461
1431
2915
9277
0543
9152
1694
5674
4530
5748
6620
1175
9716
6492
5950
6792
3978
2276
1803
7591
3137
8194
8583
3956
2097
0582
7951
1871
3634
1169
7149
0011
4267
2075
4387
9094
4602
0687
7159
4623
4132
0345
8967
0527
3164
0017
9737
8051
0313
1089
2364
0564
0987
4999
5623
4158
2348
4063
0849
7402
3184
4651
8713
8332
8274
0789
7186
0348
6705
0099
2379
3997
5228
0245
5689
0828
7094
7613
7069
2319
7830
9041
3860
1440
3271
9962
8922
2838
3259
0782
2077
1588
7085
2979
4325
8236
1802
3825
8675
6702
7662
4125
4032
1054
3804
9071
5363
9274
2871
6186
2253
4351
3967
5302
3456
4797
7907
1230
1934
1782
0842
2053
0365
1401
1870
8834
1416
2705
0625
1260
0677
8312
9086
4062
4047
3503
8936
3567
6588
0284
9213
2594
1480
5641
5662
7213
6348
9416
9305
6409
1302
9652
7791
4622
4723
6872
7417
9958
9405
3819
0647
7628
9302
8521
9353
5064
2925
6904
7146
6077
4769
9380
8176
8114
0046
8577
7308
1982
2669
4258
9317
0168
3678
7683
0275
6518
3989
4889
3132
8202
9091
3768
1334
7219
6087
6159
4135
2870
4356
9682
5354
5692
7406
8493
3318
8679
2678
3080
4810
9488
0857
6864
2369
6936
7632
1767
0713
8143
4875
7822
4951
8450
0631
2534
7750
6817
7619
7435
4314
5659
8320
4701
5117
6991
7126
9380
3563
2301
6309
0832
8887
2199
1357
7764
8546
1318
5941
8407
5670
2733
2252
5278
3951
4957
0289
5043
7142
3912
7035
8193
3879
5126
5622
2691
1563
9683
6202
5773
3693
4916
7198
8345
2623
3918
9818
0358
8705
6693
5706
2689
6665
9700
0616
2687
3544
1180
4636
8412
4956
5412
5792
9010
4720
6484
9426
5070
6184
5398
6138
9648
7182
3887
9369
2761
1737
4420
3058
0251
9434
1281
1604
1653
7793
6941
8395
5312
1113
1915
9346
1649
0359
5373
0076
7906
9311
4886
8703
5745
9728
9984
5175
2758
0048
1916
4885
6695
5870
4362
3179
0861
7534
7300
0571
2955
7095
2334
2345
1029
6195
1607
9423
8423
2260
3496
0768
8460
4238
6881
9039
3197
4059
0198
1408
6003
2195
2292
5748
3534
7054
1609
5348
8884
6031
0819
8214
6099
6115
2654
0951
1508
5321
7154
8164
1471
3718
6956
9685
9626
1544
6971
3717
2376
5657
1047
2729
4523
1039
5029
9923
1965
9510
7019
6971
2205
6758
1676
3708
6711
6172
4453
9597
4163
1041
8379
1652
9856
2485
4252
7568
6243
1384
2769
3684
6638
1942
3409
3725
4766
6524
6220
6076
6558
7315
1308
9629
3462
7163
7103
0294
7697
1334
3791
3727
2425
4213
0122
1724
6843
3102
3204
9008
1135
5498
1708
5662
3957
0378
6567
9827
9147
2766
1925
3191
4619
8265
6141
3408
2089
2498
2876
0617
5192
3250
7838
3788
1671
6509
9556
8918
0207
9730
9471
3582
9457
1895
2296
0732
7738
4937
1164
0173
0150
4518
7296
6301
7062
0629
5016
5412
3853
2637
5780
9048
8234
8238
4764
3577
6371
8748
2184
4738
7987
8360
3644
1436
7864
8187
4492
5294
4088
7913
5756
0784
5076
7647
9490
3442
6677
2983
2596
5538
9212
1168
1902
3486
9878
0228
4288
2106
0497
8907
4862
8223
0460
3437
2496
8179
2693
2082
8474
8799
5062
7066
0285
7709
7580
0882
4205
4050
8674
0539
1370
7128
0319
7320
4700
0363
2170
1135
7645
5381
6892
1156
0460
9651
5716
3167
0325
5458
6129
0972
9556
5496
8071
1391
3850
1628
5604
6127
1152
8339
2690
6060
1148
7740
3218
9904
6341
1438
7110
4522
1580
7656
0629
5528
9186
7430
0708
2631
9897
2708
7253
9965
1543
8852
5424
7640
0637
7405
0095
7335
4961
9435
9549
7929
8832
3566
6408
9259
7032
6313
8053
0023
0633
6973
4974
8903
8403
4730
4083
9746
1941
8336
9918
4543
4901
6681
1278
1590
9846
1330
7981
9142
6429
3864
4307
9411
7953
5762
3116
0467
6278
1647
8176
9931
8483
0857
2471
9922
3957
2497
5360
5610
2025
5268
1902
3910
0267
6467
6780
4958
5862
1615
4601
5620
1624
9472
1475
6475
4123
0940
6284
2311
3354
9325
4937
1015
0189
8426
0259
3805
9308
2809
3317
8429
3263
3195
3967
0926
8709
3126
9653
2990
6520
8138
9473
4598
5823
4159
9683
6781
8706
3398
4476
4409
1145
0920
0924
5013
9107
8532
5928
9264
2326
3217
7031
4222
1363
3406
9757
1695
3429
7908
1307
0386
6432
5192
7560
9757
4697
4379
2586
5075
7938
4319
4314
0704
5056
1594
2171
8473
8375
3840
5331
2799
0820
7071
8672
3012
3573
4679
1614
4631
5446
8539
2711
2121
5847
5667
0377
3241
5933
9861
7981
2286
1012
0784
2334
8687
7711
2729
7315
5263
8975
3513
4127
3113
2935
7144
7115
7328
0716
1308
0346
1217
9605
0571
2805
7468
3516
9339
0229
3585
6786
2344
3782
9726
2553
4616
9305
1895
1632
5819
1565
4016
7556
4659
3947
9830
7485
3719
0721
2610
5046
2177
4983
2085
1784
1667
1126
4823
1229
4092
4344
0534
5279
7386
9315
0495
8530
7633
1025
7142
4576
5071
9279
6923
3422
0526
3906
1913
7267
6749
0257
3719
8034
5765
3935
0317
8862
7952
7062
7461
2136
0418
4207
0210
1690
3149
4559
0594
8764
0392
4696
9302
4226
4821
6298
1102
1064
9164
4701
7041
2830
0086
8532
3951
1324
9118
8590
0029
4939
4874
9752
2638
7234
5418
6840
8767
7331
0042
4080
4783
1626
5462
6591
9927
5529
5680
8695
4607
8967
5376
4703
1325
2338
7894
1425
6392
9532
5277
0512
7468
3734
2311
4367
5088
0445
1412
7145
1246
3431
0449
2630
8254
6903
8752
2568
6096
8034
1300
5837
9360
3640
6488
2109
4556
9181
9046
7674
5616
6126
2898
7843
9211
6937
2545
6542
9390
0426
7752
9486
8048
3006
6787
3316
1633
7392
8980
1906
9758
9147
2959
9671
1324
3229
3509
6257
6860
8351
5599
7074
8380
8632
3450
1550
9113
9860
8977
3290
1808
4683
6031
5152
2632
0299
0638
7609
6887
6315
8904
3517
7650
9817
5049
1404
2593
8285
5224
2589
5006
6443
5713
3458
6402
8428
2043
9373
7927
0241
1009
8911
8672
0446
6985
4036
4981
5206
9314
7627
1925
4956
3756
3448
3304
4004
4824
5471
5526
0831
3602
6927
3814
8751
8427
0599
1683
0953
9200
0712
0055
5721
0249
3726
2362
6411
0682
8692
0948
6831
3579
6463
9687
9944
6478
7156
2063
0610
4299
0562
3702
8530
8444
1759
8836
0752
1285
0495
2956
5359
1720
0042
9716
1728
1589
5742
8536
2738
0725
3129
6395
5216
7371
1564
0841
7536
2385
8355
8376
8466
1644
9234
1676
4259
0638
0939
2416
3789
1637
9761
4836
3706
5415
6945
6210
7870
8510
1338
8980
5391
3264
9134
9711
7528
5684
0298
8544
5769
7985
3523
8418
0236
9106
6517
5632
0474
5782
8692
7653
2959
2754
6093
1811
9478
7084
5529
3027
8294
8005
2637
9882
2614
9280
5245
2695
0048
0775
7905
1076
1642
0702
6715
9052
5974
0727
0208
3538
4503
4803
1135
4230
6018
9472
2529
5740
8603
9422
2628
0485
5218
9839
0901
4813
5628
9853
3924
8025
3324
2298
6236
0045
2015
0539
9931
4198
8090
2347
8802
4955
8235
6522
7399
9954
6561
4035
3102
4180
8364
1079
7632
3226
4956
9682
6252
4273
0652
4927
2903
9587
5203
8633
5026
5650
0446
1259
7018
1867
7401
6925
8128
4775
5219
0771
3708
5380
3716
3516
1392
0273
5608
1697
0788
2869
6258
9487
6261
4636
8623
9051
1605
2448
1212
9835
2587
8152
7653
5080
1669
1234
9786
2768
6743
6497
1291
8156
0536
8870
4064
5330
5592
6418
3261
4597
8391
8519
7038
8617
0358
7720
4260
1927
3528
8421
3875
6137
9468
1312
3149
2958
7642
0839
5329
0369
7428
3140
2808
8461
4853
0891
5490
5941
9161
4139
6518
2742
7690
4793
9964
8308
2024
0296
9676
5951
0541
5312
2616
8120
0039
0623
8735
1430
6265
7162
6542
8707
1878
8459
5423
9291
7359
3671
7354
2406
3897
3200
1177
5863
3200
6041
6316
6938
0243
6790
6905
5975
2213
5046
5302
8351
8665
9743
9055
0631
4473
0305
0679
3294
0463
4750
1074
8541
4054
0730
7220
9361
4139
5470
4962
7902
3452
5142
5208
0426
1786
4016
4412
5683
3679
7426
0294
5529
4591
9855
4684
8525
6073
5762
7905
6437
3106
1571
6004
5421
3865
9348
9301
6401
5519
5410
3748
9128
0580
4389
5757
1300
3409
6830
0572
1710
5161
7395
6304
2593
9508
8694
5203
7446
6639
1735
3094
3653
8625
6602
0383
2153
3294
9025
2886
1453
1754
2524
3083
9830
4728
3794
4817
7504
9022
1616
7903
0010
6499
2849
7380
6007
5197
0187
8362
1278
0527
5146
5399
5588
0503
9852
9645
8130
5284
8392
6302
8614
5720
2966
2184
2123
1265
5584
0121
2357
5323
0682
8769
5579
8335
3855
2649
4920
6384
9651
4003
2700
8027
8504
8440
4844
9749
7841
7784
6356
4437
6128
6278
4834
4170
1520
4218
3164
3979
4395
9378
3490
1079
7908
8381
0348
0641
2634
4448
6036
8446
4851
7904
9481
2881
6642
2041
6807
7819
5306
2768
1408
0485
7268
0027
2834
4598
6031
6178
1588
7938
1546
0539
2176
7659
4726
7438
8524
1568
5040
9217
6380
9063
9048
1929
1183
6977
4009
4398
1472
7034
7095
9236
4067
5768
1522
4208
8516
4645
0056
8551
1462
2646
1775
9125
2036
5100
4159
7008
7367
2791
6089
2154
6412
8088
0765
7696
3895
9794
6441
4923
0959
1586
7651
6956
2537
7362
3457
0178
4156
1579
0338
7683
3821
8579
9914
1599
5726
4109
5739
7232
9725
0197
3641
6299
5531
3871
0785
4877
0961
9076
5054
5471
3872
7889
9028
8627
4810
2731
5942
3780
1752
3758
3960
5116
2738
1837
9265
4342
2785
5285
1574
9220
1196
5137
9314
4827
8720
1288
5149
1359
9903
5686
0751
5506
3925
9820
7406
5354
6887
5805
1016
8215
5836
7768
3148
2751
2121
1417
6369
1516
6672
7956
8504
1847
6982
1743
3501
4930
7081
7784
8787
0586
1905
3910
9813
9825
0258
7107
1028
4146
4945
7107
2858
7240
5364
7014
3666
8202
0278
9534
5943
6242
4642
8583
9221
1077
2978
9718
7842
6084
3938
6498
9269
7203
9358
3993
1342
9002
7121
2470
9792
1461
4841
9780
1059
6608
3579
4322
1396
4678
7012
7951
4170
7660
0653
9686
1574
2714
2881
9981
0582
9647
0759
0129
6473
2170
0604
3853
8204
4073
0108
8596
5365
7806
3549
2409
6022
6804
7862
2962
8023
8194
8740
2579
1541
4968
6367
8986
3144
8402
4035
7799
2706
1387
0870
5668
7244
3782
7973
5683
7821
7656
0203
4398
8407
5690
8353
0670
2315
4523
0407
2518
5189
1068
1852
5956
2856
8593
3236
7244
7497
0945
2143
0924
0272
9938
8285
0454
5945
4763
5094
6905
3114
5471
9849
5901
8525
3365
1933
6400
0903
0643
9788
3280
5154
0542
9614
8397
4353
0656
9077
1042
3083
8586
9230
7455
4936
8315
4583
3986
0328
5295
4367
9847
8162
8549
3117
5106
9740
1127
1189
5385
0880
2192
5229
5250
6440
2256
7126
3053
1498
1825
1139
1993
9802
1680
6981
6583
0292
1048
0414
3951
8643
8359
9345
4098
8784
5708
7630
5432
2854
8933
6095
0257
8769
0235
4693
7072
2066
3625
8582
3346
0790
4768
8669
0531
7892
9403
5201
6472
2008
2837
9227
0753
7566
2597
5835
5043
7384
7005
4237
6357
1592
3740
9676
6304
7071
8064
6232
6149
0573
7875
9912
1746
7353
0779
0852
0716
2632
7771
4093
1516
8537
2674
3725
4735
4661
1223
1894
3912
5085
7322
8135
7249
9680
8567
4345
3319
9218
2710
8922
2952
1552
2855
2500
0126
8422
0441
4835
0112
7150
3186
1051
4099
4073
0133
7651
7759
1476
1284
7029
0659
8597
9001
1907
0155
6175
9920
5018
3562
7240
3300
6687
6948
7546
2806
6475
2295
7547
0586
6214
8967
4072
8343
8275
5984
4656
5192
3819
2056
5687
3764
6081
6280
4423
1388
3750
4352
1351
5568
0537
4598
4606
5670
0449
0976
4473
0955
8696
7312
2906
6223
3507
9453
3306
8778
4594
1857
4458
5230
9736
9065
2521
4856
0830
0203
4728
9817
0163
2340
8279
4682
3943
4372
2169
9358
5324
9618
1407
5100
9173
3457
3876
0194
7945
9187
7680
5214
5391
8093
8277
0874
8170
7284
7703
1084
0923
3106
7984
6134
0276
3155
0356
6502
1366
6298
5127
6473
2167
8669
4667
8465
7045
1746
1568
8054
5465
6485
3452
2196
0154
3156
8187
7303
9649
7446
5224
6167
5548
7897
9185
0404
1157
1330
1779
6837
6167
3095
6195
8197
4197
0521
7008
2315
3467
2875
3618
3200
7273
0390
9096
4826
2919
9600
4589
3195
8325
3056
2901
4679
4320
0460
1773
0647
5149
1721
6980
0673
2351
4412
1585
1083
1396
3874
5963
8295
3589
4921
2913
6045
2516
4060
3815
6351
8458
5248
7047
7740
9303
3279
7906
9710
2615
7497
7184
2503
0212
8307
5522
4536
2846
7905
8871
4116
9314
6055
6137
3549
8371
7482
3971
2149
1038
4504
2613
2679
2631
4139
2534
7538
6962
9641
1512
4868
6148
8014
7733
7049
3847
3790
7462
2156
4823
1748
5028
6130
2493
1376
8984
3914
8615
4604
9863
8461
2971
3183
3738
5586
9858
0016
6361
4507
5310
3635
6869
7549
3459
7583
2945
3319
4026
3207
8865
5684
8685
1265
8674
2108
0876
8738
2443
0575
9732
5691
8431
0761
0193
7205
2923
8651
0391
8009
2133
6192
2878
7813
4903
2856
4636
3449
8790
7120
4972
7058
0492
1512
7390
1708
3034
0491
5127
6299
8674
0713
4650
4462
7490
2139
3114
5420
0120
1565
5223
8143
6149
7156
5431
5874
5250
8127
8726
4791
2401
5786
1444
2413
8220
3545
1275
6947
0481
7380
8462
9741
1582
7681
3632
6240
6570
3768
3832
7257
6900
6941
9720
2856
6690
1848
7253
1868
8952
5981
6471
6179
6753
1661
6230
6435
3135
9126
6493
9305
2145
2771
2267
6098
4798
7440
0965
0112
9896
5409
5493
6791
8422
6985
4190
0567
1374
5367
1724
6384
8023
0783
5096
6189
7488
9283
9286
3631
0528
5976
4655
6598
1680
9401
0328
2609
2956
2180
9533
4965
4917
9615
4095
8839
6225
6328
8347
6302
9560
2193
4357
5070
9174
1624
6798
6376
0163
0102
1942
4976
4209
8459
6277
3774
1628
6562
9610
8970
9537
7092
6408
3611
7456
0925
9604
6488
5250
9124
2401
1016
7343
4985
8433
3968
5412
3685
6095
1725
6713
3828
3208
1639
4304
7306
1014
5137
2083
9363
5137
8517
3856
2045
3736
1312
8551
6359
1743
7100
7108
4608
0429
0575
0223
3927
2451
4162
2923
9268
2715
7071
6051
7290
1102
3260
1502
0511
3818
8464
2576
2773
1082
9804
3750
9319
9313
0981
4386
4402
4708
5095
4790
6032
6697
1225
7572
6977
9546
4767
8304
8994
0698
1273
5296
6102
8642
9127
9491
7847
1224
2063
9577
8452
1608
2983
3854
6290
5204
7206
8231
0314
0739
6635
1450
6384
5139
4792
6453
6509
1767
1192
6775
2890
2039
0239
2182
6004
9935
4468
3081
6522
1230
8681
7032
0736
1554
0868
6152
0681
1414
8653
9851
9385
9754
0519
1421
1735
8670
1390
7262
0392
5986
5280
5782
8599
4296
1759
3419
4979
5326
8981
3791
4112
0551
4077
5256
2319
1416
8325
7514
6993
4327
4697
9757
6587
1778
0815
2944
1029
2356
5029
8423
7302
8072
5777
9598
4096
0011
2601
2097
7100
2402
0112
6012
5601
4956
3243
8172
7185
3458
1493
1167
9165
4693
1093
0866
1927
1500
7838
8859
7995
9036
0123
6954
8067
7324
6574
0584
0832
0261
4125
1126
4359
5011
4167
4878
2657
4671
5153
6621
4929
5729
9295
1701
9845
5721
7586
8327
4586
9546
3735
8613
0062
9226
7680
8136
6234
4761
6318
4311
0115
3967
1426
0482
5964
9651
1378
7938
9286
3450
4927
4296
3297
1277
4536
2493
0165
7167
3295
0138
6792
7271
9229
7183
7175
8523
0219
7196
9591
2337
9138
3607
3157
5427
6505
1512
0818
5461
3201
8572
5873
4273
3010
5720
5657
7799
8354
8393
7948
2199
4019
5071
2431
6521
0437
5847
8745
3726
9143
9268
5406
3456
8198
2687
5810
2548
2467
7756
0489
5160
0669
9652
1705
6021
5881
6705
5965
1415
1520
3383
4930
6914
1130
7542
8172
1289
4898
4332
9364
4642
5502
3716
0928
9570
9047
5672
7921
7812
0526
6699
5316
5943
0976
8478
9236
8432
8263
2715
9158
7678
8909
3652
1140
1285
9096
5726
9219
5080
9564
7004
2904
5332
4847
5172
8147
4319
6231
6041
8376
3255
6903
5558
9974
6220
1392
4637
3402
1212
1502
7741
2419
2483
1964
2664
2599
6548
7316
6454
7069
9307
7640
8593
9442
6783
3885
0345
0098
3474
5983
3730
3882
1507
5306
2327
5642
9076
1698
9870
9426
8501
6258
9256
9123
0656
5727
4379
3490
9065
1712
1437
1497
1394
8906
7958
4318
4140
6916
0283
2317
1097
7594
6895
1062
9916
4519
3673
3518
3598
6589
4242
3243
9590
6830
7435
1589
0407
8361
8047
3484
8508
5378
3630
6291
8336
1423
9281
4127
5050
3983
9987
4752
2298
9286
2550
0774
0131
3042
1349
0092
4701
8141
5403
7014
2571
2189
8387
7265
0155
6714
5097
3552
5810
2612
3418
1087
9081
1506
6205
4412
9576
6200
6714
5628
0679
8167
9674
7603
2584
2412
4690
5922
0568
5019
3982
0361
1823
5037
2714
2315
0856
0538
1802
1739
8914
0653
4517
3759
1246
2885
6061
8485
2084
4753
3502
0428
8884
8977
5401
7413
9673
8618
3172
8386
2023
5894
9206
4816
6485
3840
8995
4396
8953
9708
0534
4366
1887
2057
7059
5344
6743
7526
4093
0013
2946
6884
4045
6861
3594
4602
9311
9241
2627
3142
9371
9116
5385
7563
5766
3907
0726
9784
9673
4038
3701
7339
2582
7822
0827
5178
5278
2173
1916
5202
2517
0854
1898
1261
2517
9111
2844
8494
6132
0283
0574
0589
2335
0637
0916
4857
2152
2411
5160
6813
4077
6060
0535
5430
9410
7038
5748
2149
0841
6412
2365
4221
3870
2108
3059
0196
3600
8466
1873
9156
1208
7123
3116
9676
6010
3475
8638
8260
3931
3629
1779
8413
0607
3960
3811
5933
5218
0897
3175
3968
0291
7122
3235
8659
3966
5076
7557
6358
4697
7926
2867
1014
6773
0143
3006
1729
9246
3754
6108
8281
0161
3405
1660
4220
2636
3174
5947
2245
0433
6386
5637
9231
8559
6547
0168
9759
0304
8201
5284
5072
4216
5651
9335
2130
4925
6024
7828
2764
7370
3540
2327
4822
2138
8102
2948
8312
9182
5148
4515
7610
2569
4786
3642
6357
2882
6332
1981
5467
3581
8614
0113
7814
8856
9014
9206
0142
6122
9072
8359
1859
4980
5654
8212
2138
5958
5948
7341
8740
7115
0814
9638
0943
2305
7130
3015
6761
6387
5110
0180
7518
5058
0924
4560
9064
9236
6095
5546
9073
4530
0107
4265
6280
6106
5284
0292
2700
2468
0639
6565
0382
9387
3583
1467
2922
4548
4336
4128
3811
4252
7026
9492
3048
0485
7456
6155
9607
4170
9318
3443
3621
2693
6024
7280
2033
1423
7992
5594
2748
5800
1663
6880
4135
3580
7997
1540
0242
3853
3923
0307
8167
5810
9932
6482
0882
4926
2586
1924
0693
6568
1586
0244
3092
4432
3666
8352
3681
6594
8445
0820
3212
4918
2580
8442
9871
1305
4526
5915
8262
0861
5646
3565
4143
6225
2210
7097
3960
6673
7608
8161
4756
4875
0935
3868
2623
4458
1081
7366
2079
0042
8510
7583
2243
6448
4579
8780
4215
6102
8765
5488
6105
4957
2056
7561
8108
2491
8316
9972
4079
5660
9932
0659
0347
4396
1082
8314
8012
8291
1687
5350
4583
1835
7358
4129
9256
5576
1485
3496
6008
3887
7354
0990
8443
8211
3687
2374
4413
9637
1243
4039
9591
0331
1397
9916
7762
3770
5547
7465
1514
9647
4165
6391
2189
8034
9609
8378
3725
7785
2040
9745
5804
7422
2951
7019
1552
8405
2770
5931
6704
4811
8915
4818
0863
6731
7822
3264
0986
6551
6680
9097
6597
0834
0516
4396
4483
8745
1423
8141
8409
1672
9642
2235
5522
1867
0849
9010
5009
3676
8213
6899
1362
4550
9074
7674
9468
0604
6903
6043
0773
0186
1826
0660
3257
7860
0709
0919
6894
0321
8149
8926
2967
3612
3873
1672
9105
4265
1524
5155
2047
5395
1957
9239
9863
3658
1297
7364
3936
1545
2634
1164
6073
8729
8735
9391
2635
5164
7706
9827
0781
6271
0985
0916
0142
8973
3801
8571
6147
4090
6887
4575
0463
8874
0944
8909
2399
6332
8467
0652
6301
1109
5448
5013
0435
6511
7631
9761
4693
2665
7233
7109
2525
8620
6044
2043
5061
1086
1353
7281
8981
1058
3266
7840
1072
9854
1862
6371
7843
5825
5430
8380
5721
2905
8014
8302
2905
0473
8997
7975
6295
5497
6971
0360
0860
0760
7508
0942
2405
4309
2842
4806
8771
2275
7936
6498
0926
5433
8870
9326
2266
7391
6508
4326
5170
6172
9715
6304
2375
6568
8183
3783
6604
4331
9856
0944
2066
0726
5838
9931
8402
5908
2765
7105
4927
5083
8215
3786
3557
9152
9734
3485
8238
8671
6024
7825
0257
7459
6234
4803
8753
8365
4691
6170
9725
2387
9630
6939
8239
7538
1846
1661
8416
5974
1968
7246
0037
6054
0027
4619
5437
0287
7573
1719
7933
1517
3297
0218
5665
9033
6712
3162
7586
3874
1764
4706
5824
5466
7176
8666
5896
8350
7098
8248
3797
2187
3522
1602
5377
0918
2481
6891
8323
9168
8095
0315
4861
6127
6915
9077
4345
4261
1154
5614
7810
2671
4290
9927
6239
4784
6070
9361
6943
7256
0413
5293
8467
3259
0240
6817
3851
3127
3017
9973
9680
5519
0772
7215
6903
5921
4557
0315
3618
2419
3415
9305
4128
7310
2087
2244
8436
8405
8604
0390
6550
4338
6336
0431
3219
2510
8734
2817
7809
6280
2728
3451
7400
0896
2133
9261
1622
7936
1848
6107
4197
1364
2397
1360
8970
1260
8302
2505
3134
4032
2659
6868
2180
3518
2140
6351
9388
4582
7027
7288
4701
2127
7860
5944
3972
9006
0545
2028
8632
3647
2652
5807
5466
9214
3665
0687
4386
5058
8109
9374
5715
0516
6410
7049
0492
5376
9961
9003
5897
4741
9190
3012
1531
3231
2730
4705
9423
6185
5658
5579
2808
7457
4852
7618
8755
9818
6805
5278
5474
3680
7501
1972
4204
2600
7367
7211
4104
3367
8949
8066
9068
4650
7269
3249
7162
3695
1291
4833
3941
3822
5879
3627
9671
4320
2007
5401
2903
7528
1890
8310
5519
8780
3182
1159
0717
9946
6831
7114
3946
6488
0039
3932
5397
0083
4973
5017
4792
5177
2860
1261
1391
9441
8573
7385
0799
9207
8821
2198
9843
4183
2723
4753
8317
1294
2608
4862
1146
5681
9033
7519
8924
3086
7089
3925
2408
4081
1791
5061
2203
9435
2660
5264
9871
7471
6646
8839
8478
1607
8771
8299
2351
8478
5746
3237
9809
3347
1906
5679
7404
4351
6669
6672
1858
5239
1651
3927
3280
7448
6080
7645
1076
8390
5469
8079
8404
5762
6029
9372
5130
5643
7947
2096
6015
8031
3425
3288
3288
6611
2331
3690
8750
5864
3740
5093
2100
0276
8303
7623
7797
2141
6519
2634
0432
8567
7108
2567
4298
6149
5292
6718
9791
9715
4674
1179
5734
1572
6275
2596
2755
2074
8432
2417
7785
1164
8229
6630
0016
3055
8881
4945
5479
7418
2882
4658
8704
4955
2653
0491
9536
4358
0734
7354
3536
1175
5488
8104
8929
3273
3108
4642
0527
7710
4953
4897
4460
3068
7825
9729
8134
3254
3406
0829
5837
7799
5678
7449
7968
1500
0316
1537
4185
7684
4338
0516
7403
9230
4839
5178
6348
4608
8042
5646
7217
9495
3820
5848
5484
4731
8936
4685
1752
4638
4406
3580
1486
5680
0185
9560
5736
7009
2737
6619
5351
6581
0944
6748
5968
4541
3450
7340
1934
0027
0349
7468
2396
4827
6158
9059
4750
8492
0530
7792
7735
6883
5798
9351
6802
5298
5513
8331
5898
6535
6316
5830
6077
6898
9267
1025
3745
5640
9670
0409
5174
2301
0354
8847
4315
3522
3748
2333
1711
6835
9937
6381
6538
6248
7326
6900
9418
6068
9846
0723
1294
7781
7354
8596
1216
2306
3702
1025
4169
9080
9575
9175
0331
1164
7183
0586
7309
2742
8383
5900
2895
0274
3818
2537
5096
0946
6431
6786
3769
8487
8993
5476
9465
1897
3088
1182
8126
2706
9504
9314
3998
2839
7014
6104
4926
4390
9539
3143
1768
5248
2353
0782
2178
0762
8013
2809
6199
3492
4593
3674
8175
7924
1676
7004
2510
7673
1016
7086
6959
0765
8695
8737
9931
6346
0216
5323
3980
5764
1905
4501
1812
2005
2794
4814
1433
0834
3036
3799
8913
3763
9602
6332
8168
6328
2684
7508
1367
4144
1323
6686
4423
0749
7521
5072
9581
1052
6920
9018
0408
2876
4284
4916
0043
3805
0265
7762
5425
9827
9827
4972
8754
7923
0619
9033
8331
5634
3317
9193
6726
3024
5092
8914
9061
7689
5361
6481
9817
7746
3498
5500
5967
9988
8550
1597
9570
6837
3050
5113
2436
8713
5833
3712
7636
6012
9536
4782
5072
1080
0831
7590
3247
4088
7461
9915
7285
6539
5261
4986
6851
1906
9466
9906
7681
7122
8178
6195
8652
2878
6321
2291
1423
2745
4078
4021
8351
0352
1920
8320
8374
3837
8936
7345
9458
7524
7101
0417
9012
3015
3235
6102
2838
7268
4518
6722
7093
4131
8779
8317
4191
5691
5767
8741
8883
2349
4689
2752
8415
7969
5001
1917
6854
9685
8508
0401
2309
2007
2495
3453
0758
9305
0534
6904
3838
2848
5868
1727
6659
7626
4903
5673
6793
4453
3647
7553
6803
2895
9907
5601
9633
1192
2053
5303
3885
5903
5219
9290
8691
5671
2662
1763
5356
9142
8649
7475
9842
9807
1824
3493
7089
4917
9152
6070
7328
0552
5216
2825
6981
9680
5834
9091
6971
2309
4593
8069
6970
4012
7792
1968
8675
2368
9367
2895
1954
6035
3647
1403
6615
2154
7813
0642
4720
8724
7620
4639
6989
3817
9488
5027
5781
3562
1092
3598
5685
6978
4081
3082
4238
6293
4090
2613
9257
1217
8842
3474
7003
1216
3047
7153
0921
9640
8718
7764
4090
0971
1635
2416
4464
4684
7242
1292
6911
8339
4497
6438
1307
5029
3327
7259
4714
9121
6290
4467
3832
2200
3738
0299
5116
4047
8702
2693
4417
8016
9324
5622
7754
9099
2158
5607
4212
1756
4205
9106
8897
0179
9903
6350
3592
7595
4328
5941
1261
1319
6622
9354
2474
8561
8966
8970
8184
9038
0429
2378
3842
3766
5992
3046
6592
1763
8846
9451
7150
1574
8930
7077
2584
8463
3740
2043
6834
4678
3644
7530
6412
8438
1187
4686
9317
4741
9395
2455
4216
5695
7644
5360
7375
5383
2547
9105
4204
1261
2229
7023
4007
5289
3866
1129
7146
9606
9744
3005
8481
8350
4781
5447
6456
0472
6705
8874
2929
4958
4096
5230
3074
5458
1863
5678
5485
5073
6288
8582
4285
0695
0998
6817
4579
0217
2977
2510
0856
9135
9859
0358
1476
0741
1627
8614
4811
5058
9780
3154
0827
3682
4471
4467
1470
1972
8517
1883
9689
4157
5697
8256
0759
1636
9465
1190
1044
0741
3212
0592
0281
2412
4596
0725
4546
5762
0174
9682
5056
3784
2690
2567
2378
8904
3110
6960
8173
2081
8624
4102
1492
3164
8931
6653
0038
9645
7014
2705
2589
1516
1668
6845
4973
2296
1266
9408
8786
7584
2974
3734
2803
1046
5431
1591
1025
6951
6060
7861
0103
4986
9596
3620
4002
0535
5720
1911
3796
4856
3993
5066
2390
6139
2906
6690
3368
2874
3461
5307
1679
6570
8005
2393
3825
0375
3153
6878
3547
8835
4851
0835
7210
7414
5472
6485
6111
6255
8527
8014
7431
5193
9061
7018
9217
0049
2752
1362
7748
4464
3993
5164
5342
7338
1079
1978
8906
6160
5839
8955
3192
1612
9865
3374
7140
5758
6470
3092
9632
5821
5347
7632
6280
2479
4084
9528
3374
4991
2194
3497
2049
9117
9447
5064
7837
9807
0277
9144
4603
1987
4865
0250
1216
7017
8618
4142
2259
8726
3728
6128
9526
1394
2104
0277
1320
0556
9665
6219
3771
8134
8651
4892
2403
7507
5748
0426
6926
1105
1312
1705
8732
8395
7762
0375
8461
0104
8301
0603
6056
9397
3420
0603
3078
0898
9184
3943
6918
1790
1473
0832
9290
3909
1429
1216
5171
9873
3033
1351
2041
4208
3072
8340
6584
1484
5113
7331
1302
8263
6635
5622
5717
8183
0459
5648
7936
5014
8198
9835
2071
8134
4504
8110
8806
7641
1857
2608
7890
3908
8237
2486
5584
8766
8051
0188
8009
6705
5882
2020
5250
5986
1934
3620
1012
4264
7981
1293
5160
1628
8746
0356
1885
3953
1186
6129
8787
7320
6295
4403
4106
0628
6297
4178
1130
6598
1769
0489
8079
1714
2499
5363
1491
5447
3350
2200
0380
9357
0867
4379
9402
2079
6180
7280
7226
5730
0548
0032
1002
5638
8973
1758
0742
1801
9789
1746
8124
7116
8739
9560
6714
0138
7167
7323
2567
8230
6805
4720
9165
2410
8851
2869
7609
9053
3596
9705
6863
2423
1061
2613
9461
5011
9480
8171
8043
0275
6364
7878
5623
1498
0719
3678
2019
9794
4736
8255
8327
5438
7279
8255
2691
1037
3795
7069
4713
0973
9614
8454
9324
9536
3325
4416
1809
0485
2228
7973
0462
7962
1094
1940
0141
0232
7844
6512
9170
1573
4955
9903
3633
5811
7046
6387
4941
3372
3172
6740
1445
1754
2134
5168
4432
3605
7206
7134
6486
5873
2935
9601
0366
8534
7251
3270
7329
5381
4058
8304
9265
4805
9072
6756
0961
6255
7905
1945
6297
8173
3410
0144
7448
6932
1397
8336
9458
1633
7088
6684
3488
9407
6531
6865
7866
9935
5900
6113
6720
9037
5676
8900
3162
4948
7283
5403
0746
3571
6027
0247
0198
0498
4184
9841
6749
3387
8199
9312
8489
6763
5571
0375
3851
2806
8541
8167
0717
8702
4071
4714
4206
7158
6451
2245
4472
0985
3190
5861
6658
9467
1004
9056
4530
8175
4925
6886
6016
6458
3410
9545
5921
2969
5343
5819
3649
2674
7360
9725
9167
8396
8274
3740
2419
4961
6385
8192
6665
5471
3713
6352
2806
0108
3782
3947
5513
7509
8944
6909
0728
2256
0481
8240
8550
9928
1632
5381
2059
9257
2834
3072
5447
8754
8329
9758
9954
4031
2683
0902
6080
7475
7922
8237
9235
8587
8657
7148
7456
3688
5609
9900
1708
7003
6700
4369
3106
8791
6329
4512
7386
2420
2202
8468
5731
9482
5057
9483
2509
9285
3417
4253
8026
9403
8506
3508
4791
1721
0402
3945
6319
1102
1804
7242
5701
3051
4206
2513
8735
1599
0714
9044
9347
0689
3696
9378
1067
4045
0612
8704
8361
9400
9061
9106
1524
6814
6333
5788
6338
5625
6226
3040
5694
5127
1760
9918
1469
0636
6168
1056
9905
5653
9157
2126
5188
6966
3074
2507
7901
9760
8448
4683
8473
8495
5667
3488
3058
8433
3628
3515
9465
0427
4693
6488
3815
0186
0944
2987
5266
2939
8412
4707
3505
1597
3868
6652
2413
4340
2848
4730
9306
0483
4829
5641
7467
7443
8639
3120
2797
8403
3590
4071
3788
5348
8143
8195
0462
5187
2486
3189
8315
5642
3854
9570
9770
1267
1797
1452
5232
7501
5130
6222
2345
3094
2625
0567
9228
4837
1325
0120
5459
6861
1838
4392
7679
1684
0028
2973
0307
8469
5319
1368
4181
9401
5719
2580
5628
9976
4913
6452
4547
1957
5805
7316
2557
1154
9785
0670
5973
5018
9366
8692
2667
8657
4631
8755
5861
8406
4679
5892
4682
2372
4250
7239
8362
5538
2902
0040
3669
2734
0191
4002
3390
2703
9314
0286
5086
3731
6016
2387
7342
5017
7295
0043
4141
9502
6358
2139
8084
3294
4971
8736
2501
4021
2210
3649
8281
8926
1369
6624
4421
8266
3715
6916
0263
9740
0699
7381
5908
3041
8941
5827
2511
8517
8437
6133
3396
9736
8071
0214
6981
8993
6370
7140
6328
1591
0853
0424
6448
7946
6749
9382
3412
6257
9502
5195
2148
7922
3922
2600
9321
5673
5584
8422
6670
8605
5797
3045
7982
8206
9614
9128
0240
8121
2338
3091
2707
7039
7462
5715
4281
4311
6149
2091
6852
9698
9142
6795
7969
2870
7832
1990
2515
8403
4194
9684
5478
4809
8556
2435
6911
6083
9244
6314
4473
1973
7034
0742
4501
4906
3124
1865
5700
5277
9440
8629
0378
9307
1556
5334
4964
4853
0860
2637
6813
6637
5812
5430
6309
1546
3321
5674
8517
1049
5194
6843
9580
1593
1728
3816
4740
6484
6203
3261
2186
1322
6427
0905
4081
2089
6920
4011
4578
3623
4618
3187
8415
4016
1436
6154
7824
6263
5403
6140
3552
5440
4852
2390
7106
7811
6849
1805
8652
6854
8801
1790
3075
4238
0490
7359
1238
5829
5909
2291
6974
8577
3518
6173
5146
9716
6094
6518
8479
6227
0359
8130
3150
0108
5092
6567
7029
4964
4719
9969
8522
8224
8409
2840
2918
3605
0883
4986
4779
8959
8421
2124
1887
8616
0379
1823
0344
3667
8396
3865
3227
4908
8432
2902
0463
1963
6883
8140
0668
4998
0659
7406
5184
2785
9302
3041
2360
4260
0145
4247
7314
2973
8242
9226
2424
7461
5827
3126
3861
8295
2793
9164
4167
5122
0693
3427
6630
3436
2627
5098
1196
8927
7449
4361
7437
7614
8719
4123
9810
3125
1563
5730
0481
3972
9617
6628
1154
2940
5451
3824
7497
8826
5645
2727
2146
2937
9582
4914
7358
1092
9504
5026
0976
3153
1972
9723
7197
0452
2590
8708
3421
1689
6358
0971
4815
7742
3856
5802
1600
5310
2818
6128
6811
7884
0312
2012
0473
8135
6879
3701
8460
2659
7448
6654
4702
9964
9039
1854
1495
6791
7157
9314
7675
8114
0121
2942
0363
0154
4052
1920
8491
6518
1603
1807
4930
4859
8236
6982
8083
6716
1067
8972
8131
9942
8165
7189
0487
6398
0937
2178
2369
4631
8459
6352
1695
4012
5428
0232
3914
5907
6412
9917
2730
0337
8569
5488
0901
9606
1813
6490
4255
8217
0967
0754
6181
5065
1746
7053
8561
8255
9517
3304
3278
8715
5809
9317
3245
1436
2394
5949
5092
6847
2871
8426
5787
5214
9847
3707
7972
7869
0215
7165
9085
3263
9376
4001
8434
7823
6556
0888
7390
8426
3762
0334
5431
1817
0276
2320
4741
2042
6437
3385
5428
0770
0853
1083
5898
4462
9268
8776
4724
7947
6516
1187
4225
6102
6036
2668
1724
4472
9670
2335
0526
0328
8824
8640
7389
6028
0970
4055
9508
0219
6383
8434
9973
4037
2443
0352
5181
9495
8773
2993
7425
5713
2081
9654
6198
0822
4965
5601
1377
3987
7403
5069
6698
8368
0627
4521
0016
2369
4360
3758
0749
1558
0240
7953
2950
9034
3752
2921
0420
4051
9847
9227
6049
9612
0351
3593
0752
8693
8144
9718
9575
8433
6670
1449
3701
5517
6593
3881
7824
1790
0333
3533
7925
4356
7697
8446
9484
3528
4106
3704
0348
9852
7756
3796
7201
1827
9275
6017
6328
7758
8179
2064
5606
0932
9266
4339
6894
5998
6713
7227
4528
8144
8192
3451
8683
0723
2875
5266
5216
6034
0513
0450
0484
8029
3741
5294
1290
2111
5917
7398
5778
2929
0236
5085
1476
6147
9098
4908
0194
0914
0268
0837
4863
1511
7265
4500
7353
7947
1064
1175
9316
1741
1818
8407
7679
1565
1692
0325
1217
7742
6702
7262
6404
5618
9091
4183
3126
9371
3944
2701
6042
7253
8256
9294
7325
2396
9378
8102
4088
7528
7934
3466
0264
4480
6708
9099
3848
3066
5524
8631
0836
1720
8165
7806
2181
6894
6116
9402
6165
5456
9477
7264
8747
9758
2217
8631
7165
6385
6878
3025
0421
4885
2661
8829
3819
5420
4304
6857
9510
8627
4185
0740
2373
0348
3727
6549
9230
1458
0989
6327
1158
0628
6103
4981
6891
7528
5292
6195
5441
7227
8837
1518
0234
6884
5758
2567
1859
4935
0372
8367
8223
6197
1148
7802
6222
3697
9031
3471
9802
9974
3138
9866
8030
0691
2588
8281
8210
8509
9228
1262
2950
6543
2040
6856
9320
8562
9735
5849
7662
0828
3769
7382
5217
8609
3618
4275
5566
0295
9215
8622
3497
3025
2851
0381
8694
9042
3428
1234
7251
7226
7949
4071
7680
2970
7430
0057
2280
7350
0096
3083
5344
6424
2704
0278
7526
6741
9235
9438
0412
4987
5623
8525
9945
1008
8501
9658
6283
3665
2669
1797
6239
6880
3417
6797
9383
3768
9348
5242
1954
5840
2637
1135
9708
6900
2145
7432
2718
9202
0350
6945
9106
0208
1860
6461
3012
6214
0630
5052
7890
7156
3742
7422
3519
9527
4805
2591
3671
7124
2040
4401
1644
7878
9331
6320
9842
1328
2987
1962
3854
2649
3628
9127
0217
5809
2476
9421
7160
8605
7359
2028
5882
9577
5818
7016
3048
8122
6350
8154
4263
2721
5452
6318
3604
9155
6535
8851
9282
6030
2961
1427
2294
4947
6090
3355
9143
4761
9930
3034
2569
9541
8993
7779
0426
1945
8713
5809
9657
4947
6280
0947
4579
0351
8520
9952
8131
4684
1531
3829
0034
5024
6400
5892
8911
0048
2995
1309
4057
1329
0498
3698
3770
2337
1711
0657
7399
2788
1867
1930
3152
4900
3917
2275
1390
1086
0639
7418
8301
7562
0322
6597
0651
8119
9280
4458
4715
1409
2249
2206
7847
6584
7167
6901
9480
6160
0074
9363
5851
9852
3605
3148
7156
1290
1532
9601
3207
2443
8576
8275
4886
6854
9459
3093
3865
0084
6115
7482
8723
3285
6106
9196
7388
7152
9166
0680
5041
2764
3815
8822
9896
1936
5369
6418
2409
2747
5154
0286
0337
3704
2380
5001
7579
0766
1372
2437
0238
1410
0946
3569
0164
7391
2434
6109
6323
6385
6983
1958
6024
3312
0374
7253
1571
7299
4306
8269
5812
0894
8310
0136
2655
6799
7264
1684
4603
2785
6722
6868
7956
7274
7039
8352
0368
8974
2835
8049
9129
3576
5808
2583
9504
3553
9231
6701
9893
4690
3379
8008
2055
9155
6920
5383
8542
6325
8590
6859
2027
7382
8408
2651
3790
9961
0123
5449
4074
5023
1219
9241
8549
9397
9368
8560
3435
7209
2183
7462
4113
9626
3206
5609
5675
7449
7608
8713
7438
4163
3230
3956
2617
7190
0621
9731
1198
3401
5948
9598
2209
3704
7755
8724
3182
6969
3628
7983
1938
7065
1620
2734
5032
9265
5815
1442
0471
3957
8623
3395
5456
7938
6723
1452
9196
9322
5292
1805
4785
4692
8453
1492
4621
7162
1643
5983
3490
4705
6177
2155
2347
3678
5084
5613
1818
7492
9672
7286
3206
6203
7649
3214
3446
7650
5495
3675
3142
7708
0655
4952
7493
7671
0802
3076
6039
0913
7430
2734
7289
1390
3230
0421
1652
7925
3524
8855
9959
5949
8837
4612
7371
5762
7723
1824
7538
1850
0269
5509
0138
4393
9263
4260
3841
2012
0882
4528
6496
6705
6196
4645
7649
4718
1267
2518
9963
0093
8410
4459
9457
2345
8201
4193
2330
7201
8831
9761
3472
6453
0236
5607
8075
4896
0430
5724
4528
0961
6472
1390
7869
1964
3405
7340
5609
1826
1053
7078
8837
3141
9507
2284
9394
8636
4753
5374
8989
6759
4698
6614
6273
6249
4132
0674
5450
9329
2395
2849
3161
4302
1300
7933
0542
2074
8604
9024
2926
0943
7430
4505
1907
5508
4324
7443
4632
4958
8038
1739
9003
9306
6625
4191
9507
5073
5934
9468
2272
1589
7692
3304
5276
4206
9175
6737
8749
8557
1429
1896
6773
3305
8251
9996
4108
9573
1358
1785
7294
4535
8138
0261
0187
1758
1243
6751
1378
0475
6323
6833
3187
7814
5635
2935
1446
6950
6413
8249
2397
5839
0139
8137
9600
3639
7796
0582
7294
2593
3372
4367
6413
2345
7804
0152
0126
3622
1005
5853
2357
2028
6400
5734
7517
9245
0215
0604
7863
1323
0784
4683
1450
3147
8489
7526
4776
8643
6570
7293
7481
5478
4313
4347
1474
6081
6182
6398
7216
1937
6894
0678
7661
7571
3803
3727
3144
4835
1535
3403
2237
9103
4027
9124
8833
4436
6717
4625
2830
4125
2603
0763
8807
7139
4371
8920
0218
3350
0149
6440
5598
2970
9156
3823
4771
0668
5431
7911
7758
6433
2654
3357
5513
2376
6035
4886
6195
8931
6568
4786
0739
8008
2784
4063
5428
0034
4096
4863
4669
9718
1446
8536
6508
0483
2809
8362
2256
0567
5798
7810
8302
5028
9005
5613
9064
5068
5771
8159
6585
4620
2507
6018
9246
6726
5764
1992
9072
7138
5863
3125
5413
2890
3722
0396
1385
0150
2364
1874
4138
7365
7082
0897
1497
4876
0723
9753
9285
1167
3368
1896
7024
4192
2638
8896
2018
1415
9364
5045
4301
6207
7673
2468
7802
4152
3914
8030
2984
8539
1263
4794
8726
2385
9051
7455
2560
0523
7483
5219
5558
9712
4509
3277
1714
4611
1674
8003
8046
6705
6510
7740
7353
6405
9348
2255
2363
6650
4246
8246
5571
2147
8939
1932
5505
1468
6115
4158
6222
3563
9467
9131
4405
4529
6553
5100
9011
0328
0329
9589
3281
7119
1450
3294
2850
0643
5380
0281
9426
7206
9350
4175
5238
8548
5303
5657
2900
5516
6727
4591
1461
1396
8415
6686
4266
2610
0939
1467
2036
0939
3162
6728
5244
2258
1763
0289
7012
2786
5343
6175
3775
4771
2847
6294
5323
1795
0302
4663
6550
6780
0288
9489
8404
8834
9309
2530
3915
7824
8670
3042
1507
8806
8668
0855
2986
1872
4267
7127
2598
1007
7260
1243
9002
0886
3071
7517
8216
7874
0301
5082
0891
6958
1062
8129
3113
7399
2902
4623
0937
7175
7390
7248
4489
0708
4597
6169
4589
7756
1442
9840
9443
8594
5350
7365
1507
9975
5592
1295
4963
2857
8886
6852
0766
7105
3406
3788
7571
0702
7994
1696
4726
4503
2188
0907
1931
5158
5746
2367
7207
6718
6054
1504
5238
1938
3486
5570
7940
6305
4714
2016
0427
7699
1369
4092
9405
9915
1474
7169
4894
5702
7943
4093
1870
3144
3790
7503
6038
0481
4908
2471
4600
8156
4653
2149
6384
2166
3616
6453
2976
6192
5561
2143
7189
4683
1427
4672
5421
1803
5272
4569
1079
7189
0867
8418
6125
3891
4826
1066
3873
9604
0489
2187
0247
5246
2319
1718
5395
9143
0686
9672
5871
7996
9334
3143
0418
4084
3789
2841
4779
6226
2795
1296
6593
5661
9021
1354
9665
7453
7951
9207
5440
5680
7482
9984
0732
1595
3272
7854
2446
3366
1795
5142
0712
1634
0542
5261
0792
7519
7655
7879
0936
3057
1958
3104
0207
8491
1375
9490
6708
7664
4174
8780
2114
2086
4253
8966
1461
2136
9664
4916
9911
5166
9149
9228
8130
7042
4634
1468
9373
6996
1596
3128
3068
6785
4527
5096
1083
8697
8174
1330
3389
7208
7342
5922
4977
2957
1702
5411
6529
9663
3986
8830
7067
4772
6408
2540
0498
9803
8963
1130
4376
3993
2159
8098
8104
2392
2406
8917
7715
7563
5170
7656
0514
3237
3977
2659
7355
7566
4591
4738
7292
7930
2286
2834
3722
1128
8439
6853
4192
1338
3105
5267
2469
0242
0220
6931
9181
5742
5177
5420
0629
8004
4251
4838
4609
2498
4108
6432
4157
7565
2309
2519
6665
7999
4523
5808
7641
9281
0565
8824
0346
0380
6221
2226
9134
9243
1952
7863
6955
1571
6690
2880
9178
0330
9274
7161
6731
0557
2903
4103
5864
4207
6911
8288
3280
8300
7534
4689
1890
7593
8681
5826
3301
0592
5420
0205
3462
1523
7925
1961
9083
5038
7895
1833
0134
2311
2142
4060
8336
0975
5428
8144
2367
9809
9922
1344
3146
1529
6027
3914
8075
0162
5446
1256
0818
1028
5443
4589
4687
3066
4872
3803
5544
4433
7060
4087
9093
3907
5014
3931
3941
1817
5255
4106
4672
1094
9970
8092
3627
6456
4305
2671
4688
5868
2190
2994
9817
8275
9159
3010
4200
2243
3711
3598
2766
3681
7748
8681
6548
6289
4038
7865
1508
1284
9796
7832
9671
3251
9328
2963
7539
6102
8609
0768
7979
8946
6053
5370
1945
7741
7281
1392
3197
7579
5278
7121
7810
4487
1626
8793
8764
9631
5988
5694
6344
5867
8281
0698
5710
3037
9183
9853
7065
2581
9438
8764
0803
3836
2092
2464
0674
3710
2650
2451
1238
1877
1895
9910
3056
2897
1032
4939
6354
2709
8608
2769
0061
4585
0142
6104
8588
9613
1831
9957
0958
9197
3783
3696
2625
0762
7876
9396
8412
2623
0249
0743
3661
3540
2854
5184
1440
7608
9487
7926
4948
1790
3841
8009
5982
8978
8112
4503
7930
9043
7061
8581
6372
2542
6176
9033
5078
5245
8038
6523
6448
9768
0162
0717
0042
8290
4966
2931
8045
5893
8406
2824
6748
6830
5986
1299
7215
0133
9472
8310
6286
6215
9727
2496
5264
2851
8358
1819
3612
1795
6254
2176
1264
1908
2773
9087
5629
0641
1894
3610
8594
9623
7637
8109
1729
5640
4736
9831
5176
4420
5869
2003
1718
6274
3708
0396
8574
6443
4573
1593
0240
5441
5250
0698
6529
1898
0773
7615
2783
3480
3529
1281
6739
1480
5091
1197
2571
6203
6743
9596
9458
0542
8873
5067
2276
1379
5040
6809
3759
9459
8986
5102
2403
5606
8507
3840
5072
0503
0028
1187
4074
4576
7571
0440
3165
1227
4773
1391
9935
5480
7524
4981
8935
2048
8778
5229
9679
3187
4126
8332
3868
0394
5323
0289
7297
3739
4209
7251
5931
8667
7289
3375
0746
0991
3581
3724
1408
2667
1054
4346
3081
4597
0933
6590
8304
8265
9983
0414
4451
9019
7143
9844
1713
5144
7283
9451
0371
2038
6052
1311
3706
1347
9895
9509
8851
5709
1204
6264
2349
9705
0258
4977
4819
4679
8082
0830
5914
8061
8018
6641
6301
0615
3769
5561
1856
6518
3935
3819
0609
9085
1588
4330
4809
0425
9431
6932
2140
9261
5945
2749
7267
7793
3142
3658
8195
2053
9229
0536
7895
0497
5286
4723
5861
0905
3967
9081
9789
3186
0471
5913
0994
7352
2647
6980
6783
2331
5916
5714
2088
6053
1948
7360
0645
5160
1083
5451
2519
4227
1846
8622
2530
3412
3492
3772
2791
2238
5832
3753
7069
8696
6044
2637
0753
9897
8862
9576
6042
3829
3198
6983
8556
6071
6795
6381
2257
6020
6283
5202
6221
9987
3022
1256
9572
1693
2824
3236
4096
5183
7571
6235
6885
9084
7626
2745
8620
0293
2734
3621
9334
5095
4203
9049
3190
4990
4534
5537
5113
0241
5817
2453
5387
6588
5196
5150
3856
0634
8591
9162
6276
8395
7905
5832
1291
9027
8225
6971
7722
0885
1407
8712
7850
1879
9826
6370
1829
5291
7545
1423
1026
4635
1985
4432
2979
0815
1766
2297
5872
6631
6989
4515
5839
2598
4354
8327
9554
4535
9174
2485
6005
3486
5076
1024
2286
6714
8312
6874
6018
4556
0125
1567
8264
1366
4506
4701
0015
4302
0282
3029
2608
4700
4949
0054
6648
4032
6702
9881
3127
6836
1782
1880
1905
9874
9328
1383
3507
9050
9487
0559
4649
9535
4519
5426
0714
8351
7835
8195
0896
7376
4740
9712
6255
7483
1395
4197
3387
1824
1914
4503
6267
3328
0167
3564
1184
1953
0277
4006
2709
0206
7183
5039
3728
6639
7036
7270
5327
1761
6525
8400
6611
1026
1584
0150
0160
5396
5120
9640
1344
1952
9082
2655
5421
8710
8669
6030
8241
6040
5541
4719
0076
9863
7514
1034
7028
3172
4227
8633
7059
9945
1467
5014
4706
9581
9768
2429
6357
0512
7917
9548
0738
0781
7388
1586
2875
4712
2673
7586
5025
7064
4741
7561
2904
4209
3987
6693
3829
1442
9098
6793
7981
0579
2787
7163
3390
0409
1238
0844
0809
3213
8544
1669
3675
5358
9571
7904
6698
1502
9578
8985
9610
0313
9449
8929
7660
9224
8539
9714
6494
6466
2317
6089
9261
5772
1017
6265
5928
4513
4137
4892
7162
9253
9583
6027
7860
1718
6891
8120
7013
8127
3785
1943
7581
5113
2471
3185
1236
4550
6478
9821
1964
3989
8956
5234
6853
5648
0152
2106
6970
9608
0941
6027
3866
8756
5989
1686
4089
2473
8033
7986
3234
6192
8561
9601
0641
5467
9266
5214
1642
2409
5495
2264
4391
4598
1512
8216
8595
5940
8274
9859
7952
5863
3501
0816
7654
2563
8179
8871
6404
1186
8173
6763
5924
8159
3576
4923
3973
6715
6019
9237
4672
4132
8736
4094
0230
2354
8140
4793
3164
7409
4638
1975
1146
4141
5802
1791
9851
0053
5655
3480
2445
6507
2791
2049
4502
5262
2869
3247
1079
0518
5728
4854
2485
3494
2029
1538
7138
3037
3872
3725
3632
7130
4267
1095
2241
3226
8369
2817
2357
3615
4566
1117
2256
2159
1739
6830
9812
1933
7765
1665
8226
0762
7206
6157
5987
1090
2996
5339
4538
5713
9571
8763
7065
2116
9594
1660
9018
3868
6064
5139
1642
9164
2610
4273
9142
5428
5451
3805
0837
8422
4507
7271
4971
9796
9375
8483
5429
1434
8661
8655
1895
5937
1952
9522
3298
2490
8035
3496
3225
5026
0996
2236
5669
7938
0798
4689
4728
8319
8550
1689
2559
1245
1674
1693
2114
2193
5287
9791
3072
4611
2716
6984
7026
2406
5059
8529
4880
3891
7260
8297
0998
8771
8104
8942
6248
5196
0380
3244
8582
0229
7375
2048
6714
1554
7348
9718
0932
6146
8496
3819
7591
1406
7493
7093
2494
9738
7456
8522
4751
7736
6532
1197
9882
7015
1482
2291
7218
1500
3754
5836
5883
8107
6717
8848
4945
7833
9080
6097
1990
1572
2062
8876
2029
9170
8286
0768
8241
9538
3962
9245
9892
3744
8573
6509
6234
9285
9137
1661
9943
3649
5471
4206
5016
8619
2138
4825
2692
4218
0591
2044
2449
8644
5080
4259
7348
6190
7828
5226
4208
8174
4438
7213
7091
1184
6754
7280
7206
5316
7498
0930
3109
0899
7561
9430
1115
0204
5986
0483
7806
7943
8935
2921
5968
8093
7781
3806
7312
4604
3182
2939
3361
1614
1846
7308
4158
8391
8914
2236
6860
4008
6550
8524
0496
5609
0823
5707
7685
6093
6679
5674
0092
6118
7899
8017
1543
6624
4866
2223
3219
4236
3296
8242
0524
5382
1802
2130
4840
9030
5425
1429
5492
1186
9794
0237
5076
7437
7758
4242
9280
0036
6198
4682
5232
2498
6558
4655
6421
3682
4210
7342
4751
8356
8240
2945
1873
0362
7398
5014
1330
4571
5013
9186
5632
5162
8971
6190
4709
4342
6192
1406
6284
3761
9583
2923
2143
7541
8447
2836
9140
5302
4955
0627
5833
9332
6345
5003
0232
5904
9948
5660
2719
6930
8496
2128
4257
5829
9858
5215
0157
6130
8031
5679
4360
9725
7554
2764
4089
4329
0583
3330
5651
6382
2327
1220
7059
3720
0740
8820
6344
5761
7153
5132
3540
3468
3354
8198
9704
1482
1212
5875
9723
4326
8904
5828
9836
6017
1588
8194
7258
8576
1367
2601
3249
5724
2163
0526
4312
7349
0321
5274
5574
0783
9577
5568
6083
0493
2308
6096
2907
2061
6071
9533
4137
5063
1961
4959
5915
6019
6105
4377
3264
0413
2777
5519
6387
2050
4987
0397
9749
8767
2261
7226
1523
5924
9650
0735
8948
0718
5040
5302
5813
0222
2423
5385
5581
1530
1030
4720
0326
1074
1238
9124
1194
3657
7269
0989
0581
3487
1762
3571
0237
5328
5666
7940
9306
4913
4573
2549
6417
9240
2781
8140
6077
2754
8565
0872
2598
8072
1278
2287
6934
1103
4837
8911
9676
9278
4512
8190
9248
8477
6058
6496
1441
4165
6048
6028
1766
1971
7889
0092
3519
8105
1264
7163
9410
7815
1001
1030
8183
5099
1480
8435
8684
6541
5093
0180
4925
8523
0609
1060
0977
8351
7405
7696
4650
8924
8535
9131
3206
2676
1546
5747
4619
2976
2776
8901
5732
0067
1944
8907
6428
9298
7885
2854
8447
6477
2078
3675
3425
6281
4596
6142
0453
0584
5196
0685
3648
4679
1581
1204
2505
5772
5348
1785
7397
6740
1972
8989
3608
3746
2387
4210
0209
3264
1725
2508
5162
1178
9675
2800
2691
3950
0642
2535
8024
1804
7212
1644
7651
8892
5508
3502
3318
7894
2081
8197
7918
8517
0518
7310
1091
1799
8983
5607
3768
3451
7260
1443
5918
0543
2340
6253
0893
7245
5683
4050
2310
9263
7348
9974
4635
8103
4039
7116
4988
5241
4049
4578
5935
0500
7495
5305
3726
2857
1370
0270
1351
4981
9436
3684
9358
4082
0197
7217
0168
4195
5764
3819
2663
4470
0190
5716
1701
6236
8409
3418
4580
9417
4891
7965
3510
0749
6823
8397
3905
0042
7053
9854
9157
1013
4648
6074
2166
2203
8362
2862
5933
1443
0240
0676
8964
2521
6135
4722
7110
5279
6319
8967
6327
3814
3651
1068
5904
9370
7124
8300
6165
4781
4925
3918
4626
5207
1924
6432
6870
6116
1792
4224
5852
2168
6701
8027
0221
0333
4274
5298
9945
1046
1499
7085
0394
5022
8099
8592
5984
0462
2021
5874
0438
2098
0343
4452
6862
9213
6160
8762
9584
3637
8528
2531
9378
9035
7656
2173
8958
1563
3268
8298
2861
1396
3358
3644
5592
4088
2466
0362
2061
5449
0893
5398
0800
0016
3495
0330
4167
2986
6058
2947
6928
3263
0170
1277
2798
4683
7071
0698
6284
6955
8103
1475
7680
3287
8099
4889
6078
1682
6619
6476
0161
1886
0234
1148
3655
2867
5939
2229
9951
2276
4389
2027
0079
6015
7482
0384
8402
6385
2219
5265
4076
5799
2961
3487
4993
2739
2309
9212
2258
2179
1505
2265
4291
3861
2371
7364
9561
2784
1754
8143
8757
8120
0632
0073
8078
5865
4377
5947
6557
8561
0504
6448
0612
2581
4168
8591
3351
8599
9758
9886
7950
3516
6480
1851
0247
2065
8542
5371
3596
8909
8333
6934
3905
7294
7417
8852
0163
7547
4789
6186
8640
1583
4343
1618
6083
8135
2758
8591
7492
2394
3200
8955
3982
7374
6974
9159
5983
3180
7498
4250
3384
3134
6288
0571
9429
5241
9216
6963
2525
1102
4304
7200
0405
6242
4235
9521
2866
1020
8645
6433
3809
4067
3824
5530
4742
2416
7631
0865
0093
7356
6331
2296
0042
7053
5238
8964
8078
2551
2341
0138
2447
4943
6479
4819
6137
3580
9475
7695
5902
7098
8765
2626
6954
1469
4487
3319
8123
5643
9585
5923
2231
9410
3617
2586
8980
0867
5228
3148
0489
1867
2459
9415
5034
0264
9268
0515
7309
1259
8692
1854
7920
6848
5905
3740
2528
6060
9402
6320
3940
9284
2580
1629
9823
4029
8113
4570
7741
6053
5020
2877
3960
4301
1404
6948
0529
2612
1102
7200
6222
8829
2465
9825
3164
7429
9106
7134
8873
6090
5613
1957
1905
3398
3692
4905
4148
1985
1096
0423
6140
5478
5076
9490
8079
3872
9209
1426
1409
1049
5358
2158
3455
4250
7685
6419
0610
4788
3494
4363
9063
6364
4735
0515
6371
8254
9653
6360
8394
9720
9277
4998
3633
8424
2457
2730
4402
0809
3150
5860
5863
8054
1688
1747
4926
9729
7987
2155
3644
1311
0642
0772
5035
8021
1577
8854
4306
1034
1728
2803
6079
6179
2928
1962
3559
6482
9766
6242
6485
3688
9580
3759
9926
7394
8379
9318
1949
6630
7471
1781
2631
1560
2116
2731
0712
2716
7067
3826
4072
6979
0616
7540
5910
7583
0684
2771
9132
3730
2840
2934
1191
0365
6942
4836
4479
5176
0015
9638
3370
8637
7357
0993
1572
5794
4034
6922
7069
6397
1037
7952
7951
9008
4160
9351
9203
0062
4586
4789
3140
1444
6973
9170
0275
5305
3624
2278
6373
2911
8027
6010
7695
1907
2871
6524
6095
8115
1438
3787
3256
9345
0804
5989
6397
1577
7413
1719
8943
5218
5219
0281
5447
1377
2887
3248
3704
8236
2941
9172
7134
3458
4546
4835
6805
8842
6884
5562
3180
9574
5494
8454
8520
5809
9883
3128
9217
7336
5303
3960
7916
2483
4260
4779
4180
0545
5104
6317
6285
3299
8245
1497
6250
5664
7991
6625
7216
8039
5970
5210
9463
9513
2610
2632
7218
2847
1047
6840
8930
4983
5421
7980
1859
6608
5309
1033
2028
1469
2798
6133
3923
8019
0234
3601
6025
9291
2527
7324
0371
7151
5163
1809
0307
5461
5703
5726
4931
5839
0973
5427
8056
1072
2924
4692
8072
4228
5778
5429
3589
6983
2814
6483
9830
1294
7799
1282
9730
9956
5922
1175
3429
8745
7857
7688
5885
8450
8512
9851
5837
8275
4648
2119
0949
3194
8800
6802
3355
3318
9717
8357
7942
7446
7481
7810
8621
8521
4918
0978
4069
5815
3102
0015
2016
8467
6022
2297
9056
6814
0607
4603
4900
7183
7206
1480
9326
7203
4096
3058
1650
5876
3984
0476
5676
1974
6395
6148
3016
5368
4429
3147
2383
0078
3625
4592
3937
8619
1518
6522
3147
1727
0870
5486
8073
9386
5988
3566
1989
3532
1599
4677
1630
0313
1040
1345
1043
9167
4454
7691
4997
7653
8172
0049
7644
7821
4733
2844
9935
5021
4510
6941
4975
6946
1853
3731
4767
1468
3665
5002
0315
5883
7082
4139
3200
6796
0672
7718
2988
5178
3919
5693
4990
9127
6028
8135
6068
1595
4383
6975
3167
9054
5487
5927
7905
8562
1839
7061
9207
3243
7693
3946
4513
6079
4037
0272
9146
0285
6528
3174
6454
1217
0728
3286
0350
7369
4762
1527
4328
6409
6052
8543
9580
1754
3255
5093
4426
6359
4379
2813
6805
7693
3538
5473
2003
7845
9074
2807
8597
9038
6970
8409
7792
6495
1792
6917
7675
0511
3073
8389
5170
6421
6098
2189
7430
1280
2213
3852
6533
6856
1988
6941
1072
9247
9117
1260
8406
2927
8109
6579
1097
5444
4325
1869
6597
6031
8068
9854
3212
0437
1498
9522
8469
3768
2980
5998
2784
3023
4595
5326
2754
0455
4856
4090
8419
3364
9322
0792
9648
8451
5002
9546
3328
2706
9235
7352
1121
7205
0065
2549
5194
6800
7646
6137
0156
8429
2093
0597
3981
2113
7850
9876
6917
8829
3795
8742
4320
9201
6152
2682
3927
8600
5752
6341
4809
4185
7033
6705
6553
2652
3372
9618
8663
3090
0097
1470
5875
9302
0002
1630
0963
6407
8034
5203
2742
5302
2680
3472
2532
0419
1947
0886
6983
8361
0671
3106
6564
8075
0598
4496
5882
6409
3973
5029
4675
5966
7931
0749
9013
4089
6573
3807
1977
9648
0688
5352
8585
1728
2259
9883
5279
8646
0015
6410
3791
9812
3981
6716
8925
2696
4089
1474
4936
2106
1125
4885
8552
4816
4917
8432
7189
9663
1915
7912
0032
1768
0717
2207
3051
6699
6008
6677
0654
2021
0824
9862
4399
1587
4228
6697
4937
7359
1230
6073
5719
9689
9164
0706
6906
2679
2440
1420
8664
3162
1041
8680
1773
8041
7324
7612
7597
6257
1248
5068
4336
1057
0384
7026
8795
3801
4174
9171
0730
0788
6582
5492
3024
3221
5643
7488
1060
3178
5862
6343
8390
0652
8293
2069
4867
4217
0059
4697
1663
1540
6294
9620
8612
6574
8510
2904
1183
6387
8315
8519
4139
1978
7980
0367
6015
8867
0842
1558
9306
1759
8257
3659
5071
1097
4423
0261
6424
0963
0968
0120
0758
8951
2107
1132
9737
4578
4879
4705
3628
4696
5583
2266
3257
6122
3962
3635
8702
4682
3567
7092
2596
9730
2031
3862
3396
6659
9026
0411
5612
5316
2481
2403
3183
4153
3079
5867
0896
8006
2644
8259
6572
3246
8934
0186
3203
1712
3871
3164
0256
6510
2233
2574
6873
9480
9893
6345
5182
2667
7452
8021
8584
1182
5313
3026
5803
7979
9781
8666
7918
6855
2993
3567
6911
3255
4013
1841
1562
0210
4328
9097
2943
4289
8003
1955
7567
2210
7540
6523
5929
0478
3077
8700
5216
8074
1602
5609
3716
6800
0632
8131
9817
4393
9571
1998
4016
8495
7692
8610
5769
8909
2548
5716
5851
8387
5681
6978
4654
4902
8421
2781
0391
8080
8554
4612
1629
9924
1203
0675
5991
2190
3584
3055
3857
9685
2485
0321
2942
7325
6908
7231
5039
3521
6074
6086
0796
2494
6163
6061
1267
0706
8023
7094
5049
6894
6031
0252
0321
2390
4684
4740
9971
2364
9484
6546
0032
8535
9604
7698
8503
8294
7491
4038
4590
2621
4087
6370
1057
4308
3521
1679
1334
1338
5915
1388
1478
7173
2964
9434
3806
0901
7976
0803
0275
5152
1281
3406
3496
1976
1196
7855
9578
1493
4395
5599
9406
8388
5590
8256
6121
5242
6813
4374
2005
8384
2820
0458
2145
5759
6003
2119
5318
1199
0360
1856
2875
9180
6440
7549
2735
3886
4423
2109
6998
0473
4188
0219
0414
0172
1122
2314
8160
2047
7652
7858
6735
6480
4896
1543
1873
6709
9542
3571
8929
7058
7529
1692
2413
6950
5726
5641
1908
5023
0672
5976
5970
6617
2095
5633
5011
1720
7930
8303
0932
0037
6252
0871
5759
3822
5681
1380
2491
7479
5785
9428
7491
0715
7633
6400
5562
7051
1332
9048
2140
3356
2845
3691
7733
4109
8907
8251
1372
6639
5456
4551
5142
3975
8329
3860
7562
9313
1839
0632
1972
2586
7625
3063
5740
7893
8185
9275
9654
5958
5701
0551
8430
8957
8970
6728
9284
7547
6214
1966
0478
6922
5414
8258
3529
3304
7647
1608
9256
2322
7352
3476
6704
4601
2958
0467
1592
2105
9161
9850
4386
1658
2050
4752
3034
2624
9338
5276
3903
4833
9741
9638
8685
0089
1475
9134
8502
2723
3568
6305
7314
4520
9123
1049
3407
1955
2533
5771
1852
2490
4341
2377
7549
2961
2447
9753
3910
3084
4968
6920
2278
4570
4908
5770
9846
6931
5110
1493
8490
9549
0517
8183
2357
4130
9910
9774
9236
7397
5866
7110
4679
5642
7325
5377
6307
8187
6500
4171
5915
8174
2678
2693
6972
1055
9574
2239
3814
6186
6428
2510
8047
2373
5658
2514
5487
7153
9769
4233
3208
8628
7783
0068
1711
3477
9914
2474
7279
4856
4476
5328
1857
8306
2964
5921
5188
9781
4877
9557
1541
0052
1317
9910
3087
6248
5579
3419
9173
2571
0107
5044
1304
5488
4206
3863
8594
9456
0568
1982
9312
5314
8633
6119
8972
3647
3448
2956
6058
5198
1958
8564
0104
6653
7484
8521
2541
4010
7084
9032
5976
1782
6800
5274
0114
5950
8833
3582
0789
4623
8687
9076
7706
3116
1357
7661
7141
1773
9275
7697
8763
2085
7549
6514
8660
0508
9359
9814
4752
9365
3772
3085
3674
4255
8930
5981
5767
8754
8273
1420
0534
1837
0674
2120
7141
3869
9178
4689
9251
9587
2876
4781
2642
8990
0607
8920
4254
4878
1154
3930
8192
5357
7092
3813
4305
8297
3954
7317
6724
5030
7055
5188
2825
4234
3769
9144
2010
5702
2989
9027
2081
7796
8634
3277
7309
7818
5854
6396
3292
1909
6587
7776
3216
7176
0867
2921
2651
2449
1926
8043
7518
0913
1472
9237
2756
4875
0160
8253
6913
0463
0716
8507
6200
1043
8519
4623
0007
3131
8340
1295
6265
0096
5630
2525
7462
4114
5153
2337
1102
3824
1192
9768
7628
5353
4486
1728
7199
3759
7554
6457
6396
6825
9122
5369
7312
7680
5383
8276
9343
3893
2314
4717
7020
0568
1847
8304
6102
9576
4684
3509
7300
2371
9800
2155
7645
0216
9460
2736
4869
3031
3062
0861
0853
9716
4090
5161
4324
2056
9052
6418
9122
0493
6704
2667
0197
9246
8614
7030
5367
3597
0048
3589
5017
9304
6348
4216
4116
3150
4955
0730
7751
6779
2502
2301
1094
4357
8228
8276
7204
9390
5854
5613
0659
7155
0495
4726
6061
9518
9149
4527
1694
2265
1875
8797
3937
8178
6925
9311
0623
3147
3080
1193
5157
2675
1598
7128
9183
5394
5515
1827
8269
1046
7390
9380
5613
9399
7321
3967
8217
7952
0848
5424
3202
1623
7757
8231
0130
6750
6988
8765
3447
8067
9450
4752
8037
7848
5906
6978
6816
4459
3328
1809
5929
4520
7750
6025
6978
7904
8171
2749
3186
7158
5730
1098
7750
0952
5797
0079
6924
7242
1250
4762
6576
7991
1159
4250
7240
6214
0945
2465
0063
3465
2946
9314
6802
1633
1793
4069
7239
5472
0876
8134
7860
0309
0768
1048
0411
3779
6902
9211
2549
2996
4888
4063
9894
0657
3271
8095
3150
7302
0833
7529
3529
8757
9459
1281
7115
8053
7171
1362
6130
7344
7756
9768
3448
7956
3654
0084
4918
7159
9465
5824
5283
0786
8905
3245
4092
2031
0526
9027
5812
4226
0763
7264
4463
8562
8500
5934
4702
9609
4253
1093
4001
6709
5445
3452
3521
2131
6732
7800
8662
2283
6064
6817
5863
6218
5815
4970
7612
2274
8697
3907
5954
9430
9075
8354
0815
0579
7917
8269
9124
5938
1594
4126
9078
0859
1422
8543
1952
9107
2060
5297
5373
6526
5589
1965
4503
0442
0874
4315
1220
3500
1460
7579
7817
9563
5736
4007
9158
1032
6587
1039
2867
9772
7559
3620
7476
7988
5029
5513
5532
4387
3617
0812
4937
5740
0182
3557
0092
8203
9766
2600
0157
0991
3451
4081
7881
3719
3791
8961
7467
5956
7012
0703
2974
4523
2175
8465
8536
1997
4691
5864
2721
4769
7858
1232
5179
6316
0583
1095
5043
4988
9912
7130
9568
1309
1528
4509
2656
4219
3116
5887
8499
9877
3169
5252
6729
2945
6456
8768
9769
3578
5334
4362
4846
4765
9524
8453
1449
2307
0615
6302
4761
7693
0412
5600
1768
7069
2459
0886
3823
0784
0937
8423
8907
5681
9891
5254
3867
4773
6425
9046
8472
5973
4125
7159
6095
4058
3450
5391
1706
0938
9800
0587
4854
7329
6536
0878
1845
6167
8643
0254
2215
8080
8916
3878
8676
7910
0421
4642
4210
7403
5949
8645
9641
8402
2803
6749
3237
5941
4697
2468
9015
9358
7608
2981
3913
4195
6022
4720
9042
1356
3991
3845
5149
2963
7501
5754
9576
7555
3502
1328
5582
6129
1362
5792
8545
1765
7383
3226
4327
4402
8399
1652
9737
5054
9089
5302
2049
4249
6885
7110
0860
9462
0748
7954
7570
2156
3292
0685
4942
0413
8245
5070
9284
9469
4655
7850
0165
3401
4594
8326
3576
1421
6309
5669
4371
2649
5746
3542
9904
0201
4868
9416
2403
3953
8094
5442
1283
5628
0665
5064
0741
8466
5126
8734
9617
9941
4324
6857
8324
8702
7994
6091
5546
8936
7688
1015
7123
7816
4018
9278
7442
9915
9149
2063
2845
3940
2512
4608
3693
8914
4980
9129
5865
2530
6463
6935
2388
9702
6147
0271
7116
0387
6157
3352
5203
9641
3706
0355
5318
9008
0234
6092
8734
2164
2642
6560
0375
3272
3527
8284
1342
0436
6367
9207
0326
8211
5164
9841
4459
2949
3169
9200
2542
8729
7954
6015
7152
3097
2954
5394
2380
4589
3910
4236
7126
7381
1906
5829
8727
6624
6506
6374
0491
3998
9286
0748
7709
8811
2485
2665
4727
7599
9499
7553
4498
3286
4380
7547
0044
0658
5192
4127
1506
8310
3012
8350
3920
0754
8874
4757
5834
9651
0539
2890
2091
4181
4527
6809
0874
0067
6106
6692
5113
3201
9270
3542
7135
3719
2515
6608
5713
2790
7037
8407
4280
0598
8812
0765
9875
4515
2168
8269
8167
1978
1607
2691
0712
8542
3983
6754
5804
8508
5566
0665
3989
8605
2562
7032
1336
5639
4136
1326
5524
8465
1513
7043
5830
4374
6273
6490
9756
5298
7344
7164
0856
0854
3162
9161
2298
6779
0701
7549
3752
8180
4373
0955
9677
6145
4158
1436
3164
2465
5821
0547
6404
1738
8431
5084
5760
6214
5375
5091
0860
4316
7436
4885
7256
5374
1669
1524
5220
6207
4589
3986
8614
9736
2891
7192
4584
3562
7578
4379
8903
3158
9835
6930
6188
1358
7713
1721
2436
6052
2645
4172
6924
7685
5002
0102
1435
3995
2666
9189
0795
4313
0167
9480
7193
8762
0071
3515
4382
7313
4236
8031
5143
0348
1298
9620
1583
9089
4038
8487
8532
2303
9308
8915
5041
4281
0682
3326
2614
0731
6872
8975
9274
7028
2772
8478
0632
8794
3766
7242
0981
0934
3244
9083
5285
3228
6145
5238
7617
1810
1657
9093
0288
5566
6882
5827
7710
9535
3203
1794
2098
5494
4853
7658
4259
7526
0973
6043
4738
1242
5309
3956
8652
8930
5527
9367
6176
4871
3818
7469
5310
0857
7628
4231
3417
9190
0234
0465
7130
2753
9954
5917
7009
9451
1449
5296
4782
6994
1870
7009
4395
1584
8458
8609
2783
9377
4795
8143
6378
7831
2068
7346
7022
5352
1984
1239
7109
3783
4754
1745
6706
8019
9246
8997
9790
3544
1176
1572
4259
0567
3009
6538
7529
0241
2002
0437
9354
1540
7478
0702
7580
1455
5980
9784
6247
7210
4066
9128
1682
0029
9734
5436
3975
9531
9897
8300
9080
7032
7316
2841
1568
2391
5599
1489
8272
2330
9017
1684
5964
3768
8026
0872
8023
8713
9925
6713
5062
0214
4469
8524
5979
8614
3354
2385
0582
4915
7937
7089
8961
5090
8715
6422
5618
7884
0511
5976
1008
2990
3025
0235
5422
6350
8876
2290
7302
2632
1731
7040
1685
4433
6517
4958
3007
9974
3873
3995
7352
8167
4948
6341
2298
8694
4483
3495
1803
1832
2936
9632
8484
8859
5696
7808
1617
5506
6879
7023
2942
1883
0472
5871
4014
8076
5053
0648
7204
7214
4776
9606
1239
7384
0328
6317
8727
7948
7374
9828
4064
6736
6331
5635
9275
9806
8215
3679
2486
1293
0968
8341
5201
5922
1286
9605
7791
3054
6955
9046
8874
8917
7753
5241
9840
9472
1445
1307
6027
4290
3077
2795
7763
5072
6276
4286
6297
1102
3201
0924
7789
1141
1457
5822
4243
0134
2694
9549
4215
0598
1282
4453
9400
1092
3265
6801
7149
4023
1916
4573
6528
5288
9173
6154
5402
1672
6629
2296
8581
5648
4075
7446
3977
9916
2168
8795
5153
0847
4413
7034
3121
2850
0055
2701
1166
4558
9657
6844
9339
2458
5385
8271
8386
4642
2046
1503
6712
4112
0177
8130
3084
9169
1941
1056
5584
7341
6025
0583
6957
7508
3502
6558
9335
0637
8709
3963
1340
7853
8780
4567
4720
2494
2043
9003
5339
8569
5548
4584
5168
8170
5698
2752
1507
4337
6096
0218
4361
3597
3126
6238
2473
8551
7346
3724
9106
2707
3410
8935
8805
3071
4974
0691
7058
5193
4849
7615
1859
7840
9989
8266
7849
4093
7513
1268
7898
4140
4011
8348
8554
0041
9473
6439
0233
7392
1322
4405
0891
6775
9723
2960
4999
0819
3163
7452
8103
1148
0875
6683
6434
9805
2339
1025
8377
1629
1773
2728
7469
4632
4054
9382
3077
6854
6047
9056
0188
4400
2723
9143
2936
5753
0129
8240
8464
3591
9609
1830
6184
5194
0724
0566
1702
7180
8242
9560
9072
8471
4298
9579
8756
6481
6439
4639
1482
8305
4004
0962
9482
2773
3195
2897
6341
8945
9090
0966
7162
8327
3522
8160
6994
5872
2771
3995
7622
2824
1753
8691
9269
5827
3524
9627
0373
0850
4368
0306
3621
9607
3664
4268
2694
0269
6149
7208
9784
9403
3969
4005
7214
1843
4218
4258
3948
6209
8816
9764
4009
3812
7283
2920
6817
6471
6583
0967
7726
5629
1054
2016
1648
9253
2417
3520
2687
5312
9855
1843
1638
4375
1516
8029
7706
6025
6195
8021
4460
7316
6593
0676
7267
9005
0765
1733
9391
8116
8350
9600
4252
7383
3286
4257
6145
7924
6395
0576
0015
8207
6082
3069
7218
3784
4255
7888
7915
8599
7325
4378
2714
9041
0844
6689
0084
3374
8240
4112
7746
7021
0693
9715
1192
3112
3677
7997
1964
6068
4068
8352
1471
2473
6034
1204
5961
4741
1594
7659
3389
6846
5801
6045
0091
9554
4980
6298
9305
5383
7369
0144
8016
9678
9261
2409
0353
9390
2478
0157
6312
8130
4139
7208
0980
5713
9552
0489
5887
4372
4661
4295
7692
8993
7673
3724
2120
7895
7381
3357
8426
7507
8831
7202
7313
5243
5403
1938
4328
0603
9547
2446
0954
1732
1245
0215
5490
6170
9341
3747
7362
8323
1316
7359
8534
9413
1067
8794
7658
5068
3250
4849
4206
9801
4561
1140
4336
1074
7202
5410
3242
0416
6475
9654
7517
1476
3852
5833
6698
7293
5606
2955
1126
2709
3594
5927
0844
7508
7435
3872
9160
4228
0981
8268
8842
6880
4714
7659
7371
2116
8157
8633
6458
4600
8279
2083
3032
1101
1956
1275
8104
5900
5948
4514
6509
1679
8061
1676
4266
1590
7123
2573
4957
6789
9091
8940
5361
6213
4084
1564
8557
4516
3317
0895
3131
6943
9181
8396
9367
7054
9568
5392
4855
8539
2390
0426
1893
1097
6595
2427
5603
7065
7242
0698
1954
1570
9568
7345
4279
2056
5730
8672
9713
7569
1152
7530
9390
7746
0419
1120
2184
3118
0971
7906
8739
8905
3448
6902
2093
2585
2989
7901
2973
0942
1513
9674
0312
4558
0735
2768
3750
2128
1429
9483
9974
6992
8180
0971
3286
0564
3944
2895
2895
7623
9209
9947
5437
9510
4713
2670
4686
2560
1930
0071
9853
8251
7045
0503
2018
8701
5083
6515
6676
9199
4862
9596
6904
1694
7302
8614
2734
9340
4785
0201
3218
2523
5908
3253
3780
7936
8756
9605
9270
1238
3879
5235
0502
3189
6016
6817
5110
3325
6187
1818
3081
8458
1359
8984
0484
0981
4526
1034
8923
3769
6197
8084
7853
5159
3018
0334
8285
4675
2469
2455
0277
6708
1564
0354
8993
3082
7287
8358
3328
7326
0432
8776
9447
3012
6713
1602
9050
5720
5203
9412
8550
8453
3789
4685
7260
4271
9233
3494
0147
8230
2375
9769
6907
5946
6920
7031
9086
2610
8393
1902
8542
6542
4648
0706
8364
1301
1608
9104
9021
0987
7617
4349
6607
7859
0725
4876
0074
9787
3351
1973
1683
1013
3694
9705
3989
4410
9846
6514
1037
2473
0877
8265
7320
8919
8513
1031
8202
1395
8760
1228
6780
6028
0459
1054
5475
8076
1694
2135
4897
7541
9670
0781
8668
4873
3245
6963
5245
8153
2276
6796
7679
3588
8194
2981
3827
3492
8065
4006
1424
5725
7398
1635
8715
3372
9939
1657
6280
7283
6400
6649
6851
9611
6414
5594
2084
1648
9650
5637
0977
6674
2592
2770
1794
1654
8309
5114
9636
1076
7511
2317
5678
0964
8411
5370
1685
9263
1160
2730
3364
1916
8621
4487
3551
2643
5148
8178
8489
2898
9060
2600
7881
5274
9469
9762
9886
1323
5296
1418
9816
5920
6785
7588
8663
5510
1754
4701
6597
0861
6646
9177
6840
7460
2865
0347
1015
6430
8454
4130
3622
4501
6263
4209
7276
1852
7325
4305
7184
5863
6581
0986
0772
9810
6125
7564
5451
1659
8437
8489
0375
3824
5630
0685
6997
1381
4709
7078
5621
8451
3759
9243
2132
3765
5800
2247
0598
5123
4819
5306
6575
0294
0442
0107
7244
1715
7195
8737
2197
6206
8215
1448
4073
7364
6541
0457
4309
4425
6858
7586
4143
6720
9762
9777
0406
9071
9127
8592
7464
8937
6027
2150
3786
6043
7865
7504
4763
6834
3572
0421
3312
6290
4946
5510
1057
0269
7608
5403
4987
5934
6304
8071
9384
0642
6665
2375
5794
9128
4083
6976
4629
9234
6206
3749
2813
1767
1701
2350
0689
6548
2534
6700
2926
6985
0625
5943
7184
4713
0597
0730
7492
7139
2820
5091
0831
6035
1026
1623
3341
9296
7805
6881
8458
1692
5620
9654
3280
1965
8047
0272
2920
3465
3855
1808
5867
7841
7364
6801
4620
6430
4072
8724
3714
7169
6540
7618
3517
4251
4225
6009
4315
8026
8526
9688
2017
0314
3067
3711
2490
0604
9205
9034
6159
3971
8364
9768
6485
6865
0513
4638
2064
9137
2426
2847
4156
7405
0632
8092
4750
2541
7380
4809
0810
8403
6830
6593
8396
3082
2218
6280
0665
1765
6732
5409
1670
8100
2259
3291
9877
3534
6456
2235
2367
9120
2875
2949
8364
5520
6017
4909
9270
4123
0276
4154
7633
6954
8839
3570
1284
8074
1021
2834
7876
5070
7854
7774
7398
6629
2474
8792
9537
1263
6501
3484
1266
0436
3873
9782
9136
9798
0018
7295
2605
1237
8483
1778
9465
8737
9267
5327
9643
0367
7349 
